2019-11-28 14:11:34.527 INFO [restartedMain]com.radebit.smartpi.SmartPiApplication.logStarting:50 -Starting SmartPiApplication on RadedeMacBook-Pro.local with PID 2641 (/Users/rade/Documents/JavaEE/SmartPi/target/classes started by rade in /Users/rade/Documents/JavaEE/SmartPi)
2019-11-28 14:11:34.531 INFO [restartedMain]com.radebit.smartpi.SmartPiApplication.logStartupProfileInfo:648 -No active profile set, falling back to default profiles: default
2019-11-28 14:11:34.577 INFO [restartedMain]o.s.b.devtools.env.DevToolsPropertyDefaultsPostProcessor.logTo:225 -Devtools property defaults active! Set 'spring.devtools.add-properties' to 'false' to disable
2019-11-28 14:11:34.577 INFO [restartedMain]o.s.b.devtools.env.DevToolsPropertyDefaultsPostProcessor.logTo:225 -For additional web related logging consider setting the 'logging.level.web' property to 'DEBUG'
2019-11-28 14:11:35.339 INFO [restartedMain]o.s.d.repository.config.RepositoryConfigurationDelegate.multipleStoresDetected:244 -Multiple Spring Data modules found, entering strict repository configuration mode!
2019-11-28 14:11:35.343 INFO [restartedMain]o.s.d.repository.config.RepositoryConfigurationDelegate.registerRepositoriesIn:126 -Bootstrapping Spring Data repositories in DEFAULT mode.
2019-11-28 14:11:35.387 INFO [restartedMain]o.s.d.repository.config.RepositoryConfigurationDelegate.registerRepositoriesIn:182 -Finished Spring Data repository scanning in 19ms. Found 0 repository interfaces.
2019-11-28 14:11:35.682 INFO [restartedMain]o.s.c.s.PostProcessorRegistrationDelegate$BeanPostProcessorChecker.postProcessAfterInitialization:330 -Bean 'org.springframework.transaction.annotation.ProxyTransactionManagementConfiguration' of type [org.springframework.transaction.annotation.ProxyTransactionManagementConfiguration$$EnhancerBySpringCGLIB$$21cf7cce] is not eligible for getting processed by all BeanPostProcessors (for example: not eligible for auto-proxying)
2019-11-28 14:11:36.030 INFO [restartedMain]o.s.boot.web.embedded.tomcat.TomcatWebServer.initialize:90 -Tomcat initialized with port(s): 8089 (http)
2019-11-28 14:11:36.044 INFO [restartedMain]org.apache.coyote.http11.Http11NioProtocol.log:173 -Initializing ProtocolHandler ["http-nio-8089"]
2019-11-28 14:11:36.054 INFO [restartedMain]org.apache.catalina.core.StandardService.log:173 -Starting service [Tomcat]
2019-11-28 14:11:36.054 INFO [restartedMain]org.apache.catalina.core.StandardEngine.log:173 -Starting Servlet engine: [Apache Tomcat/9.0.24]
2019-11-28 14:11:36.136 INFO [restartedMain]o.a.catalina.core.ContainerBase.[Tomcat].[localhost].[/].log:173 -Initializing Spring embedded WebApplicationContext
2019-11-28 14:11:36.136 INFO [restartedMain]org.springframework.web.context.ContextLoader.prepareWebApplicationContext:284 -Root WebApplicationContext: initialization completed in 1559 ms
2019-11-28 14:11:37.012 INFO [restartedMain]s.d.s.web.PropertySourcedRequestMappingHandlerMapping.initHandlerMethods:69 -Mapped URL path [/v2/api-docs] onto method [public org.springframework.http.ResponseEntity<springfox.documentation.spring.web.json.Json> springfox.documentation.swagger2.web.Swagger2Controller.getDocumentation(java.lang.String,javax.servlet.http.HttpServletRequest)]
2019-11-28 14:11:37.134 INFO [restartedMain]o.s.scheduling.concurrent.ThreadPoolTaskExecutor.initialize:171 -Initializing ExecutorService 'applicationTaskExecutor'
2019-11-28 14:11:37.183 INFO [restartedMain]o.s.boot.devtools.autoconfigure.OptionalLiveReloadServer.startServer:57 -LiveReload server is running on port 35729
2019-11-28 14:11:37.430 INFO [restartedMain]s.d.spring.web.plugins.DocumentationPluginsBootstrapper.start:160 -Context refreshed
2019-11-28 14:11:37.454 INFO [restartedMain]s.d.spring.web.plugins.DocumentationPluginsBootstrapper.start:163 -Found 1 custom documentation plugin(s)
2019-11-28 14:11:37.481 INFO [restartedMain]s.d.spring.web.scanners.ApiListingReferenceScanner.scan:41 -Scanning for api listing references
2019-11-28 14:11:37.608 INFO [restartedMain]s.d.s.w.readers.operation.CachingOperationNameGenerator.startingWith:40 -Generating unique operation named: addUsingPOST_1
2019-11-28 14:11:37.609 INFO [restartedMain]s.d.s.w.readers.operation.CachingOperationNameGenerator.startingWith:40 -Generating unique operation named: deleteUsingDELETE_1
2019-11-28 14:11:37.611 INFO [restartedMain]s.d.s.w.readers.operation.CachingOperationNameGenerator.startingWith:40 -Generating unique operation named: findAllUsingGET_1
2019-11-28 14:11:37.616 INFO [restartedMain]s.d.s.w.readers.operation.CachingOperationNameGenerator.startingWith:40 -Generating unique operation named: addUsingPOST_2
2019-11-28 14:11:37.617 INFO [restartedMain]s.d.s.w.readers.operation.CachingOperationNameGenerator.startingWith:40 -Generating unique operation named: deleteUsingDELETE_2
2019-11-28 14:11:37.619 INFO [restartedMain]s.d.s.w.readers.operation.CachingOperationNameGenerator.startingWith:40 -Generating unique operation named: findAllUsingGET_2
2019-11-28 14:11:37.621 INFO [restartedMain]s.d.s.w.readers.operation.CachingOperationNameGenerator.startingWith:40 -Generating unique operation named: updateUsingPUT_1
2019-11-28 14:11:37.625 INFO [restartedMain]s.d.s.w.readers.operation.CachingOperationNameGenerator.startingWith:40 -Generating unique operation named: deleteUsingDELETE_3
2019-11-28 14:11:37.643 INFO [restartedMain]org.apache.coyote.http11.Http11NioProtocol.log:173 -Starting ProtocolHandler ["http-nio-8089"]
2019-11-28 14:11:37.674 INFO [restartedMain]o.s.boot.web.embedded.tomcat.TomcatWebServer.start:202 -Tomcat started on port(s): 8089 (http) with context path ''
2019-11-28 14:11:37.677 INFO [restartedMain]com.radebit.smartpi.SmartPiApplication.logStarted:59 -Started SmartPiApplication in 23.574 seconds (JVM running for 29.322)
2019-11-28 14:12:20.271 INFO [http-nio-8089-exec-2]o.a.catalina.core.ContainerBase.[Tomcat].[localhost].[/].log:173 -Initializing Spring DispatcherServlet 'dispatcherServlet'
2019-11-28 14:12:20.271 INFO [http-nio-8089-exec-2]org.springframework.web.servlet.DispatcherServlet.initServletBean:524 -Initializing Servlet 'dispatcherServlet'
2019-11-28 14:12:20.279 INFO [http-nio-8089-exec-2]org.springframework.web.servlet.DispatcherServlet.initServletBean:546 -Completed initialization in 7 ms
2019-11-28 14:12:20.290 INFO [http-nio-8089-exec-2]com.radebit.smartpi.intercepter.AuthorizationInterceptor.preHandle:54 -请求体中携带的token -  
2019-11-28 14:12:25.278 INFO [http-nio-8089-exec-3]com.alibaba.druid.pool.DruidDataSource.init:1003 -{dataSource-1} inited
2019-11-28 14:12:36.032 INFO [http-nio-8089-exec-4]com.radebit.smartpi.intercepter.AuthorizationInterceptor.preHandle:54 -请求体中携带的token - 81d047ad9326bac8aec4c7a8bcd3d966 
2019-11-28 14:12:36.034 INFO [http-nio-8089-exec-4]com.radebit.smartpi.intercepter.AuthorizationInterceptor.preHandle:59 -用户登录 - rade
2019-11-28 14:12:36.036 INFO [http-nio-8089-exec-4]com.radebit.smartpi.intercepter.AuthorizationInterceptor.preHandle:64 -token创建时间 - 1574921545463
2019-11-28 14:12:36.036 INFO [http-nio-8089-exec-4]com.radebit.smartpi.intercepter.AuthorizationInterceptor.preHandle:66 -token存在 - 10573 ms
2019-11-28 14:12:43.984 INFO [http-nio-8089-exec-5]com.radebit.smartpi.intercepter.AuthorizationInterceptor.preHandle:54 -请求体中携带的token - 81d047ad9326bac8aec4c7a8bcd3d966 
2019-11-28 14:12:43.987 INFO [http-nio-8089-exec-5]com.radebit.smartpi.intercepter.AuthorizationInterceptor.preHandle:59 -用户登录 - rade
2019-11-28 14:12:43.988 INFO [http-nio-8089-exec-5]com.radebit.smartpi.intercepter.AuthorizationInterceptor.preHandle:64 -token创建时间 - 1574921545463
2019-11-28 14:12:43.988 INFO [http-nio-8089-exec-5]com.radebit.smartpi.intercepter.AuthorizationInterceptor.preHandle:66 -token存在 - 18525 ms
2019-11-28 14:12:51.461 INFO [http-nio-8089-exec-6]com.radebit.smartpi.intercepter.AuthorizationInterceptor.preHandle:54 -请求体中携带的token - 81d047ad9326bac8aec4c7a8bcd3d966 
2019-11-28 14:12:51.464 INFO [http-nio-8089-exec-6]com.radebit.smartpi.intercepter.AuthorizationInterceptor.preHandle:59 -用户登录 - rade
2019-11-28 14:12:51.466 INFO [http-nio-8089-exec-6]com.radebit.smartpi.intercepter.AuthorizationInterceptor.preHandle:64 -token创建时间 - 1574921545463
2019-11-28 14:12:51.466 INFO [http-nio-8089-exec-6]com.radebit.smartpi.intercepter.AuthorizationInterceptor.preHandle:66 -token存在 - 26003 ms
2019-11-28 14:12:55.315 INFO [http-nio-8089-exec-7]com.radebit.smartpi.intercepter.AuthorizationInterceptor.preHandle:54 -请求体中携带的token - 81d047ad9326bac8aec4c7a8bcd3d966 
2019-11-28 14:12:55.317 INFO [http-nio-8089-exec-7]com.radebit.smartpi.intercepter.AuthorizationInterceptor.preHandle:59 -用户登录 - rade
2019-11-28 14:12:55.319 INFO [http-nio-8089-exec-7]com.radebit.smartpi.intercepter.AuthorizationInterceptor.preHandle:64 -token创建时间 - 1574921545463
2019-11-28 14:12:55.319 INFO [http-nio-8089-exec-7]com.radebit.smartpi.intercepter.AuthorizationInterceptor.preHandle:66 -token存在 - 29856 ms
2019-11-28 14:13:08.139 INFO [http-nio-8089-exec-8]com.radebit.smartpi.intercepter.AuthorizationInterceptor.preHandle:54 -请求体中携带的token - 81d047ad9326bac8aec4c7a8bcd3d966 
2019-11-28 14:13:08.142 INFO [http-nio-8089-exec-8]com.radebit.smartpi.intercepter.AuthorizationInterceptor.preHandle:59 -用户登录 - rade
2019-11-28 14:13:08.143 INFO [http-nio-8089-exec-8]com.radebit.smartpi.intercepter.AuthorizationInterceptor.preHandle:64 -token创建时间 - 1574921545463
2019-11-28 14:13:08.144 INFO [http-nio-8089-exec-8]com.radebit.smartpi.intercepter.AuthorizationInterceptor.preHandle:66 -token存在 - 42681 ms
2019-11-28 14:13:14.268 INFO [http-nio-8089-exec-9]com.radebit.smartpi.intercepter.AuthorizationInterceptor.preHandle:54 -请求体中携带的token - 81d047ad9326bac8aec4c7a8bcd3d966 
2019-11-28 14:13:14.270 INFO [http-nio-8089-exec-9]com.radebit.smartpi.intercepter.AuthorizationInterceptor.preHandle:59 -用户登录 - rade
2019-11-28 14:13:14.271 INFO [http-nio-8089-exec-9]com.radebit.smartpi.intercepter.AuthorizationInterceptor.preHandle:64 -token创建时间 - 1574921545463
2019-11-28 14:13:14.272 INFO [http-nio-8089-exec-9]com.radebit.smartpi.intercepter.AuthorizationInterceptor.preHandle:66 -token存在 - 48809 ms
2019-11-28 14:13:23.768 INFO [http-nio-8089-exec-10]com.radebit.smartpi.intercepter.AuthorizationInterceptor.preHandle:54 -请求体中携带的token - 81d047ad9326bac8aec4c7a8bcd3d966 
2019-11-28 14:13:23.770 INFO [http-nio-8089-exec-10]com.radebit.smartpi.intercepter.AuthorizationInterceptor.preHandle:59 -用户登录 - rade
2019-11-28 14:13:23.771 INFO [http-nio-8089-exec-10]com.radebit.smartpi.intercepter.AuthorizationInterceptor.preHandle:64 -token创建时间 - 1574921545463
2019-11-28 14:13:23.771 INFO [http-nio-8089-exec-10]com.radebit.smartpi.intercepter.AuthorizationInterceptor.preHandle:66 -token存在 - 58308 ms
2019-11-28 14:13:55.764 INFO [http-nio-8089-exec-1]com.radebit.smartpi.intercepter.AuthorizationInterceptor.preHandle:54 -请求体中携带的token - 81d047ad9326bac8aec4c7a8bcd3d966 
2019-11-28 14:13:55.766 INFO [http-nio-8089-exec-1]com.radebit.smartpi.intercepter.AuthorizationInterceptor.preHandle:59 -用户登录 - rade
2019-11-28 14:13:55.768 INFO [http-nio-8089-exec-1]com.radebit.smartpi.intercepter.AuthorizationInterceptor.preHandle:64 -token创建时间 - 1574921545463
2019-11-28 14:13:55.768 INFO [http-nio-8089-exec-1]com.radebit.smartpi.intercepter.AuthorizationInterceptor.preHandle:66 -token存在 - 90305 ms
2019-11-28 14:24:04.698 INFO [Thread-56]o.s.scheduling.concurrent.ThreadPoolTaskExecutor.shutdown:208 -Shutting down ExecutorService 'applicationTaskExecutor'
2019-11-28 14:24:04.724 INFO [Thread-56]com.alibaba.druid.pool.DruidDataSource.close:1965 -{dataSource-1} closing ...
2019-11-28 14:24:04.729 INFO [Thread-56]com.alibaba.druid.pool.DruidDataSource.close:2037 -{dataSource-1} closed
2019-11-28 14:24:35.048 INFO [restartedMain]com.radebit.smartpi.SmartPiApplication.logStarting:50 -Starting SmartPiApplication on RadedeMacBook-Pro.local with PID 2728 (/Users/rade/Documents/JavaEE/SmartPi/target/classes started by rade in /Users/rade/Documents/JavaEE/SmartPi)
2019-11-28 14:24:35.051 INFO [restartedMain]com.radebit.smartpi.SmartPiApplication.logStartupProfileInfo:648 -No active profile set, falling back to default profiles: default
2019-11-28 14:24:35.083 INFO [restartedMain]o.s.b.devtools.env.DevToolsPropertyDefaultsPostProcessor.logTo:225 -Devtools property defaults active! Set 'spring.devtools.add-properties' to 'false' to disable
2019-11-28 14:24:35.083 INFO [restartedMain]o.s.b.devtools.env.DevToolsPropertyDefaultsPostProcessor.logTo:225 -For additional web related logging consider setting the 'logging.level.web' property to 'DEBUG'
2019-11-28 14:24:35.604 INFO [restartedMain]o.s.d.repository.config.RepositoryConfigurationDelegate.multipleStoresDetected:244 -Multiple Spring Data modules found, entering strict repository configuration mode!
2019-11-28 14:24:35.606 INFO [restartedMain]o.s.d.repository.config.RepositoryConfigurationDelegate.registerRepositoriesIn:126 -Bootstrapping Spring Data repositories in DEFAULT mode.
2019-11-28 14:24:35.626 INFO [restartedMain]o.s.d.repository.config.RepositoryConfigurationDelegate.registerRepositoriesIn:182 -Finished Spring Data repository scanning in 12ms. Found 0 repository interfaces.
2019-11-28 14:24:35.851 INFO [restartedMain]o.s.c.s.PostProcessorRegistrationDelegate$BeanPostProcessorChecker.postProcessAfterInitialization:330 -Bean 'org.springframework.transaction.annotation.ProxyTransactionManagementConfiguration' of type [org.springframework.transaction.annotation.ProxyTransactionManagementConfiguration$$EnhancerBySpringCGLIB$$464359d8] is not eligible for getting processed by all BeanPostProcessors (for example: not eligible for auto-proxying)
2019-11-28 14:24:36.066 INFO [restartedMain]o.s.boot.web.embedded.tomcat.TomcatWebServer.initialize:90 -Tomcat initialized with port(s): 8089 (http)
2019-11-28 14:24:36.077 INFO [restartedMain]org.apache.coyote.http11.Http11NioProtocol.log:173 -Initializing ProtocolHandler ["http-nio-8089"]
2019-11-28 14:24:36.084 INFO [restartedMain]org.apache.catalina.core.StandardService.log:173 -Starting service [Tomcat]
2019-11-28 14:24:36.084 INFO [restartedMain]org.apache.catalina.core.StandardEngine.log:173 -Starting Servlet engine: [Apache Tomcat/9.0.24]
2019-11-28 14:24:36.140 INFO [restartedMain]o.a.catalina.core.ContainerBase.[Tomcat].[localhost].[/].log:173 -Initializing Spring embedded WebApplicationContext
2019-11-28 14:24:36.140 INFO [restartedMain]org.springframework.web.context.ContextLoader.prepareWebApplicationContext:284 -Root WebApplicationContext: initialization completed in 1056 ms
2019-11-28 14:24:36.778 INFO [restartedMain]s.d.s.web.PropertySourcedRequestMappingHandlerMapping.initHandlerMethods:69 -Mapped URL path [/v2/api-docs] onto method [public org.springframework.http.ResponseEntity<springfox.documentation.spring.web.json.Json> springfox.documentation.swagger2.web.Swagger2Controller.getDocumentation(java.lang.String,javax.servlet.http.HttpServletRequest)]
2019-11-28 14:24:36.885 INFO [restartedMain]o.s.scheduling.concurrent.ThreadPoolTaskExecutor.initialize:171 -Initializing ExecutorService 'applicationTaskExecutor'
2019-11-28 14:24:36.924 INFO [restartedMain]o.s.boot.devtools.autoconfigure.OptionalLiveReloadServer.startServer:57 -LiveReload server is running on port 35729
2019-11-28 14:24:37.106 INFO [restartedMain]s.d.spring.web.plugins.DocumentationPluginsBootstrapper.start:160 -Context refreshed
2019-11-28 14:24:37.117 INFO [restartedMain]s.d.spring.web.plugins.DocumentationPluginsBootstrapper.start:163 -Found 1 custom documentation plugin(s)
2019-11-28 14:24:37.137 INFO [restartedMain]s.d.spring.web.scanners.ApiListingReferenceScanner.scan:41 -Scanning for api listing references
2019-11-28 14:24:37.231 INFO [restartedMain]s.d.s.w.readers.operation.CachingOperationNameGenerator.startingWith:40 -Generating unique operation named: addUsingPOST_1
2019-11-28 14:24:37.232 INFO [restartedMain]s.d.s.w.readers.operation.CachingOperationNameGenerator.startingWith:40 -Generating unique operation named: deleteUsingDELETE_1
2019-11-28 14:24:37.234 INFO [restartedMain]s.d.s.w.readers.operation.CachingOperationNameGenerator.startingWith:40 -Generating unique operation named: findAllUsingGET_1
2019-11-28 14:24:37.239 INFO [restartedMain]s.d.s.w.readers.operation.CachingOperationNameGenerator.startingWith:40 -Generating unique operation named: addUsingPOST_2
2019-11-28 14:24:37.240 INFO [restartedMain]s.d.s.w.readers.operation.CachingOperationNameGenerator.startingWith:40 -Generating unique operation named: deleteUsingDELETE_2
2019-11-28 14:24:37.242 INFO [restartedMain]s.d.s.w.readers.operation.CachingOperationNameGenerator.startingWith:40 -Generating unique operation named: findAllUsingGET_2
2019-11-28 14:24:37.244 INFO [restartedMain]s.d.s.w.readers.operation.CachingOperationNameGenerator.startingWith:40 -Generating unique operation named: updateUsingPUT_1
2019-11-28 14:24:37.248 INFO [restartedMain]s.d.s.w.readers.operation.CachingOperationNameGenerator.startingWith:40 -Generating unique operation named: deleteUsingDELETE_3
2019-11-28 14:24:37.262 INFO [restartedMain]org.apache.coyote.http11.Http11NioProtocol.log:173 -Starting ProtocolHandler ["http-nio-8089"]
2019-11-28 14:24:37.289 INFO [restartedMain]o.s.boot.web.embedded.tomcat.TomcatWebServer.start:202 -Tomcat started on port(s): 8089 (http) with context path ''
2019-11-28 14:24:37.291 INFO [restartedMain]com.radebit.smartpi.SmartPiApplication.logStarted:59 -Started SmartPiApplication in 22.576 seconds (JVM running for 28.058)
2019-11-28 14:24:52.793 INFO [http-nio-8089-exec-1]o.a.catalina.core.ContainerBase.[Tomcat].[localhost].[/].log:173 -Initializing Spring DispatcherServlet 'dispatcherServlet'
2019-11-28 14:24:52.793 INFO [http-nio-8089-exec-1]org.springframework.web.servlet.DispatcherServlet.initServletBean:524 -Initializing Servlet 'dispatcherServlet'
2019-11-28 14:24:52.800 INFO [http-nio-8089-exec-1]org.springframework.web.servlet.DispatcherServlet.initServletBean:546 -Completed initialization in 6 ms
2019-11-28 14:24:52.868 INFO [http-nio-8089-exec-1]com.alibaba.druid.pool.DruidDataSource.init:1003 -{dataSource-1} inited
2019-11-28 14:25:28.797 INFO [http-nio-8089-exec-6]com.radebit.smartpi.intercepter.AuthorizationInterceptor.preHandle:54 -请求体中携带的token -  
2019-11-28 14:25:41.377 INFO [http-nio-8089-exec-7]com.radebit.smartpi.intercepter.AuthorizationInterceptor.preHandle:54 -请求体中携带的token - 81d047ad9326bac8aec4c7a8bcd3d966 
2019-11-28 14:25:41.384 INFO [http-nio-8089-exec-7]com.radebit.smartpi.intercepter.AuthorizationInterceptor.preHandle:59 -用户登录 - rade
2019-11-28 14:25:41.386 INFO [http-nio-8089-exec-7]com.radebit.smartpi.intercepter.AuthorizationInterceptor.preHandle:64 -token创建时间 - 1574921545463
2019-11-28 14:25:41.386 INFO [http-nio-8089-exec-7]com.radebit.smartpi.intercepter.AuthorizationInterceptor.preHandle:66 -token存在 - 795923 ms
2019-11-28 14:25:41.389 INFO [http-nio-8089-exec-7]com.radebit.smartpi.intercepter.AuthorizationInterceptor.preHandle:71 -重置过期时间成功!
2019-11-28 14:27:25.402 INFO [Thread-54]o.s.scheduling.concurrent.ThreadPoolTaskExecutor.shutdown:208 -Shutting down ExecutorService 'applicationTaskExecutor'
2019-11-28 14:27:25.419 INFO [Thread-54]com.alibaba.druid.pool.DruidDataSource.close:1965 -{dataSource-1} closing ...
2019-11-28 14:27:25.423 INFO [Thread-54]com.alibaba.druid.pool.DruidDataSource.close:2037 -{dataSource-1} closed
2019-11-28 14:27:55.431 INFO [restartedMain]com.radebit.smartpi.SmartPiApplication.logStarting:50 -Starting SmartPiApplication on RadedeMacBook-Pro.local with PID 2742 (/Users/rade/Documents/JavaEE/SmartPi/target/classes started by rade in /Users/rade/Documents/JavaEE/SmartPi)
2019-11-28 14:27:55.434 INFO [restartedMain]com.radebit.smartpi.SmartPiApplication.logStartupProfileInfo:648 -No active profile set, falling back to default profiles: default
2019-11-28 14:27:55.466 INFO [restartedMain]o.s.b.devtools.env.DevToolsPropertyDefaultsPostProcessor.logTo:225 -Devtools property defaults active! Set 'spring.devtools.add-properties' to 'false' to disable
2019-11-28 14:27:55.466 INFO [restartedMain]o.s.b.devtools.env.DevToolsPropertyDefaultsPostProcessor.logTo:225 -For additional web related logging consider setting the 'logging.level.web' property to 'DEBUG'
2019-11-28 14:27:55.985 INFO [restartedMain]o.s.d.repository.config.RepositoryConfigurationDelegate.multipleStoresDetected:244 -Multiple Spring Data modules found, entering strict repository configuration mode!
2019-11-28 14:27:55.986 INFO [restartedMain]o.s.d.repository.config.RepositoryConfigurationDelegate.registerRepositoriesIn:126 -Bootstrapping Spring Data repositories in DEFAULT mode.
2019-11-28 14:27:56.007 INFO [restartedMain]o.s.d.repository.config.RepositoryConfigurationDelegate.registerRepositoriesIn:182 -Finished Spring Data repository scanning in 13ms. Found 0 repository interfaces.
2019-11-28 14:27:56.222 INFO [restartedMain]o.s.c.s.PostProcessorRegistrationDelegate$BeanPostProcessorChecker.postProcessAfterInitialization:330 -Bean 'org.springframework.transaction.annotation.ProxyTransactionManagementConfiguration' of type [org.springframework.transaction.annotation.ProxyTransactionManagementConfiguration$$EnhancerBySpringCGLIB$$2efe2f71] is not eligible for getting processed by all BeanPostProcessors (for example: not eligible for auto-proxying)
2019-11-28 14:27:56.431 INFO [restartedMain]o.s.boot.web.embedded.tomcat.TomcatWebServer.initialize:90 -Tomcat initialized with port(s): 8089 (http)
2019-11-28 14:27:56.441 INFO [restartedMain]org.apache.coyote.http11.Http11NioProtocol.log:173 -Initializing ProtocolHandler ["http-nio-8089"]
2019-11-28 14:27:56.447 INFO [restartedMain]org.apache.catalina.core.StandardService.log:173 -Starting service [Tomcat]
2019-11-28 14:27:56.448 INFO [restartedMain]org.apache.catalina.core.StandardEngine.log:173 -Starting Servlet engine: [Apache Tomcat/9.0.24]
2019-11-28 14:27:56.504 INFO [restartedMain]o.a.catalina.core.ContainerBase.[Tomcat].[localhost].[/].log:173 -Initializing Spring embedded WebApplicationContext
2019-11-28 14:27:56.504 INFO [restartedMain]org.springframework.web.context.ContextLoader.prepareWebApplicationContext:284 -Root WebApplicationContext: initialization completed in 1037 ms
2019-11-28 14:27:57.108 INFO [restartedMain]s.d.s.web.PropertySourcedRequestMappingHandlerMapping.initHandlerMethods:69 -Mapped URL path [/v2/api-docs] onto method [public org.springframework.http.ResponseEntity<springfox.documentation.spring.web.json.Json> springfox.documentation.swagger2.web.Swagger2Controller.getDocumentation(java.lang.String,javax.servlet.http.HttpServletRequest)]
2019-11-28 14:27:57.212 INFO [restartedMain]o.s.scheduling.concurrent.ThreadPoolTaskExecutor.initialize:171 -Initializing ExecutorService 'applicationTaskExecutor'
2019-11-28 14:27:57.253 INFO [restartedMain]o.s.boot.devtools.autoconfigure.OptionalLiveReloadServer.startServer:57 -LiveReload server is running on port 35729
2019-11-28 14:27:57.426 INFO [restartedMain]s.d.spring.web.plugins.DocumentationPluginsBootstrapper.start:160 -Context refreshed
2019-11-28 14:27:57.436 INFO [restartedMain]s.d.spring.web.plugins.DocumentationPluginsBootstrapper.start:163 -Found 1 custom documentation plugin(s)
2019-11-28 14:27:57.455 INFO [restartedMain]s.d.spring.web.scanners.ApiListingReferenceScanner.scan:41 -Scanning for api listing references
2019-11-28 14:27:57.549 INFO [restartedMain]s.d.s.w.readers.operation.CachingOperationNameGenerator.startingWith:40 -Generating unique operation named: addUsingPOST_1
2019-11-28 14:27:57.551 INFO [restartedMain]s.d.s.w.readers.operation.CachingOperationNameGenerator.startingWith:40 -Generating unique operation named: deleteUsingDELETE_1
2019-11-28 14:27:57.552 INFO [restartedMain]s.d.s.w.readers.operation.CachingOperationNameGenerator.startingWith:40 -Generating unique operation named: findAllUsingGET_1
2019-11-28 14:27:57.557 INFO [restartedMain]s.d.s.w.readers.operation.CachingOperationNameGenerator.startingWith:40 -Generating unique operation named: addUsingPOST_2
2019-11-28 14:27:57.559 INFO [restartedMain]s.d.s.w.readers.operation.CachingOperationNameGenerator.startingWith:40 -Generating unique operation named: deleteUsingDELETE_2
2019-11-28 14:27:57.561 INFO [restartedMain]s.d.s.w.readers.operation.CachingOperationNameGenerator.startingWith:40 -Generating unique operation named: findAllUsingGET_2
2019-11-28 14:27:57.562 INFO [restartedMain]s.d.s.w.readers.operation.CachingOperationNameGenerator.startingWith:40 -Generating unique operation named: updateUsingPUT_1
2019-11-28 14:27:57.566 INFO [restartedMain]s.d.s.w.readers.operation.CachingOperationNameGenerator.startingWith:40 -Generating unique operation named: deleteUsingDELETE_3
2019-11-28 14:27:57.582 INFO [restartedMain]org.apache.coyote.http11.Http11NioProtocol.log:173 -Starting ProtocolHandler ["http-nio-8089"]
2019-11-28 14:27:57.610 INFO [restartedMain]o.s.boot.web.embedded.tomcat.TomcatWebServer.start:202 -Tomcat started on port(s): 8089 (http) with context path ''
2019-11-28 14:27:57.612 INFO [restartedMain]com.radebit.smartpi.SmartPiApplication.logStarted:59 -Started SmartPiApplication in 22.494 seconds (JVM running for 27.962)
2019-11-28 14:30:08.250 INFO [http-nio-8089-exec-1]o.a.catalina.core.ContainerBase.[Tomcat].[localhost].[/].log:173 -Initializing Spring DispatcherServlet 'dispatcherServlet'
2019-11-28 14:30:08.251 INFO [http-nio-8089-exec-1]org.springframework.web.servlet.DispatcherServlet.initServletBean:524 -Initializing Servlet 'dispatcherServlet'
2019-11-28 14:30:08.260 INFO [http-nio-8089-exec-1]org.springframework.web.servlet.DispatcherServlet.initServletBean:546 -Completed initialization in 9 ms
2019-11-28 14:30:08.272 INFO [http-nio-8089-exec-1]com.radebit.smartpi.intercepter.AuthorizationInterceptor.preHandle:54 -请求体中携带的token - 81d047ad9326bac8aec4c7a8bcd3d966 
2019-11-28 14:30:08.284 INFO [http-nio-8089-exec-1]com.radebit.smartpi.intercepter.AuthorizationInterceptor.preHandle:59 -用户登录 - rade
2019-11-28 14:30:08.286 INFO [http-nio-8089-exec-1]com.radebit.smartpi.intercepter.AuthorizationInterceptor.preHandle:64 -token创建时间 - 1574922341390
2019-11-28 14:30:08.286 INFO [http-nio-8089-exec-1]com.radebit.smartpi.intercepter.AuthorizationInterceptor.preHandle:66 -token存在 - 266896 ms
2019-11-28 14:30:08.289 INFO [http-nio-8089-exec-1]com.radebit.smartpi.intercepter.AuthorizationInterceptor.preHandle:71 -重置过期时间成功!
2019-11-28 14:30:08.352 INFO [http-nio-8089-exec-1]com.alibaba.druid.pool.DruidDataSource.init:1003 -{dataSource-1} inited
2019-11-28 14:30:08.657 WARN [http-nio-8089-exec-1]o.s.w.s.m.m.annotation.ExceptionHandlerExceptionResolver.logException:198 -Resolved [java.lang.NullPointerException]
2019-11-28 14:30:20.490 INFO [http-nio-8089-exec-3]com.radebit.smartpi.intercepter.AuthorizationInterceptor.preHandle:54 -请求体中携带的token - 81d047ad9326bac8aec4c7a8bcd3d966 
2019-11-28 14:30:20.492 INFO [http-nio-8089-exec-3]com.radebit.smartpi.intercepter.AuthorizationInterceptor.preHandle:59 -用户登录 - rade
2019-11-28 14:30:20.494 INFO [http-nio-8089-exec-3]com.radebit.smartpi.intercepter.AuthorizationInterceptor.preHandle:64 -token创建时间 - 1574922608289
2019-11-28 14:30:20.494 INFO [http-nio-8089-exec-3]com.radebit.smartpi.intercepter.AuthorizationInterceptor.preHandle:66 -token存在 - 12205 ms
2019-11-28 14:30:20.505 WARN [http-nio-8089-exec-3]o.s.w.s.m.m.annotation.ExceptionHandlerExceptionResolver.logException:198 -Resolved [java.lang.NullPointerException]
2019-11-28 14:31:26.157 INFO [http-nio-8089-exec-6]com.radebit.smartpi.intercepter.AuthorizationInterceptor.preHandle:54 -请求体中携带的token - 81d047ad9326bac8aec4c7a8bcd3d966 
2019-11-28 14:31:26.161 INFO [http-nio-8089-exec-6]com.radebit.smartpi.intercepter.AuthorizationInterceptor.preHandle:59 -用户登录 - rade
2019-11-28 14:31:26.162 INFO [http-nio-8089-exec-6]com.radebit.smartpi.intercepter.AuthorizationInterceptor.preHandle:64 -token创建时间 - 1574922608289
2019-11-28 14:31:26.163 INFO [http-nio-8089-exec-6]com.radebit.smartpi.intercepter.AuthorizationInterceptor.preHandle:66 -token存在 - 77874 ms
2019-11-28 14:31:30.669 INFO [http-nio-8089-exec-7]com.radebit.smartpi.intercepter.AuthorizationInterceptor.preHandle:54 -请求体中携带的token - 81d047ad9326bac8aec4c7a8bcd3d966 
2019-11-28 14:31:30.671 INFO [http-nio-8089-exec-7]com.radebit.smartpi.intercepter.AuthorizationInterceptor.preHandle:59 -用户登录 - rade
2019-11-28 14:31:30.672 INFO [http-nio-8089-exec-7]com.radebit.smartpi.intercepter.AuthorizationInterceptor.preHandle:64 -token创建时间 - 1574922608289
2019-11-28 14:31:30.673 INFO [http-nio-8089-exec-7]com.radebit.smartpi.intercepter.AuthorizationInterceptor.preHandle:66 -token存在 - 82384 ms
2019-11-28 14:31:35.273 INFO [http-nio-8089-exec-8]com.radebit.smartpi.intercepter.AuthorizationInterceptor.preHandle:54 -请求体中携带的token - 81d047ad9326bac8aec4c7a8bcd3d966 
2019-11-28 14:31:35.281 INFO [http-nio-8089-exec-8]com.radebit.smartpi.intercepter.AuthorizationInterceptor.preHandle:59 -用户登录 - rade
2019-11-28 14:31:35.284 INFO [http-nio-8089-exec-8]com.radebit.smartpi.intercepter.AuthorizationInterceptor.preHandle:64 -token创建时间 - 1574922608289
2019-11-28 14:31:35.285 INFO [http-nio-8089-exec-8]com.radebit.smartpi.intercepter.AuthorizationInterceptor.preHandle:66 -token存在 - 86996 ms
2019-11-28 14:31:35.306 WARN [http-nio-8089-exec-8]o.s.w.s.m.m.annotation.ExceptionHandlerExceptionResolver.logException:198 -Resolved [java.lang.NullPointerException]
2019-11-28 14:32:02.194 INFO [http-nio-8089-exec-9]com.radebit.smartpi.intercepter.AuthorizationInterceptor.preHandle:54 -请求体中携带的token - 81d047ad9326bac8aec4c7a8bcd3d966 
2019-11-28 14:32:02.196 INFO [http-nio-8089-exec-9]com.radebit.smartpi.intercepter.AuthorizationInterceptor.preHandle:59 -用户登录 - rade
2019-11-28 14:32:02.197 INFO [http-nio-8089-exec-9]com.radebit.smartpi.intercepter.AuthorizationInterceptor.preHandle:64 -token创建时间 - 1574922608289
2019-11-28 14:32:02.198 INFO [http-nio-8089-exec-9]com.radebit.smartpi.intercepter.AuthorizationInterceptor.preHandle:66 -token存在 - 113909 ms
2019-11-28 14:32:02.200 INFO [http-nio-8089-exec-9]com.radebit.smartpi.intercepter.AuthorizationInterceptor.preHandle:71 -重置过期时间成功!
2019-11-28 14:32:08.926 INFO [http-nio-8089-exec-10]com.radebit.smartpi.intercepter.AuthorizationInterceptor.preHandle:54 -请求体中携带的token - 81d047ad9326bac8aec4c7a8bcd3d966 
2019-11-28 14:32:08.928 INFO [http-nio-8089-exec-10]com.radebit.smartpi.intercepter.AuthorizationInterceptor.preHandle:59 -用户登录 - rade
2019-11-28 14:32:08.929 INFO [http-nio-8089-exec-10]com.radebit.smartpi.intercepter.AuthorizationInterceptor.preHandle:64 -token创建时间 - 1574922722201
2019-11-28 14:32:08.929 INFO [http-nio-8089-exec-10]com.radebit.smartpi.intercepter.AuthorizationInterceptor.preHandle:66 -token存在 - 6728 ms
2019-11-28 14:32:21.853 INFO [http-nio-8089-exec-2]com.radebit.smartpi.intercepter.AuthorizationInterceptor.preHandle:54 -请求体中携带的token - 81d047ad9326bac8aec4c7a8bcd3d966 
2019-11-28 14:32:21.855 INFO [http-nio-8089-exec-2]com.radebit.smartpi.intercepter.AuthorizationInterceptor.preHandle:59 -用户登录 - rade
2019-11-28 14:32:21.857 INFO [http-nio-8089-exec-2]com.radebit.smartpi.intercepter.AuthorizationInterceptor.preHandle:64 -token创建时间 - 1574922722201
2019-11-28 14:32:21.858 INFO [http-nio-8089-exec-2]com.radebit.smartpi.intercepter.AuthorizationInterceptor.preHandle:66 -token存在 - 19657 ms
2019-11-28 14:32:21.871 WARN [http-nio-8089-exec-2]o.s.w.s.m.m.annotation.ExceptionHandlerExceptionResolver.logException:198 -Resolved [java.lang.NullPointerException]
2019-11-28 14:33:25.030 INFO [Thread-54]o.s.scheduling.concurrent.ThreadPoolTaskExecutor.shutdown:208 -Shutting down ExecutorService 'applicationTaskExecutor'
2019-11-28 14:33:25.060 INFO [Thread-54]com.alibaba.druid.pool.DruidDataSource.close:1965 -{dataSource-1} closing ...
2019-11-28 14:33:25.063 INFO [Thread-54]com.alibaba.druid.pool.DruidDataSource.close:2037 -{dataSource-1} closed
2019-11-28 14:33:55.188 INFO [restartedMain]com.radebit.smartpi.SmartPiApplication.logStarting:50 -Starting SmartPiApplication on RadedeMacBook-Pro.local with PID 2758 (/Users/rade/Documents/JavaEE/SmartPi/target/classes started by rade in /Users/rade/Documents/JavaEE/SmartPi)
2019-11-28 14:33:55.191 INFO [restartedMain]com.radebit.smartpi.SmartPiApplication.logStartupProfileInfo:648 -No active profile set, falling back to default profiles: default
2019-11-28 14:33:55.222 INFO [restartedMain]o.s.b.devtools.env.DevToolsPropertyDefaultsPostProcessor.logTo:225 -Devtools property defaults active! Set 'spring.devtools.add-properties' to 'false' to disable
2019-11-28 14:33:55.222 INFO [restartedMain]o.s.b.devtools.env.DevToolsPropertyDefaultsPostProcessor.logTo:225 -For additional web related logging consider setting the 'logging.level.web' property to 'DEBUG'
2019-11-28 14:33:55.736 INFO [restartedMain]o.s.d.repository.config.RepositoryConfigurationDelegate.multipleStoresDetected:244 -Multiple Spring Data modules found, entering strict repository configuration mode!
2019-11-28 14:33:55.738 INFO [restartedMain]o.s.d.repository.config.RepositoryConfigurationDelegate.registerRepositoriesIn:126 -Bootstrapping Spring Data repositories in DEFAULT mode.
2019-11-28 14:33:55.758 INFO [restartedMain]o.s.d.repository.config.RepositoryConfigurationDelegate.registerRepositoriesIn:182 -Finished Spring Data repository scanning in 13ms. Found 0 repository interfaces.
2019-11-28 14:33:55.976 INFO [restartedMain]o.s.c.s.PostProcessorRegistrationDelegate$BeanPostProcessorChecker.postProcessAfterInitialization:330 -Bean 'org.springframework.transaction.annotation.ProxyTransactionManagementConfiguration' of type [org.springframework.transaction.annotation.ProxyTransactionManagementConfiguration$$EnhancerBySpringCGLIB$$d3ba60e2] is not eligible for getting processed by all BeanPostProcessors (for example: not eligible for auto-proxying)
2019-11-28 14:33:56.191 INFO [restartedMain]o.s.boot.web.embedded.tomcat.TomcatWebServer.initialize:90 -Tomcat initialized with port(s): 8089 (http)
2019-11-28 14:33:56.201 INFO [restartedMain]org.apache.coyote.http11.Http11NioProtocol.log:173 -Initializing ProtocolHandler ["http-nio-8089"]
2019-11-28 14:33:56.206 INFO [restartedMain]org.apache.catalina.core.StandardService.log:173 -Starting service [Tomcat]
2019-11-28 14:33:56.207 INFO [restartedMain]org.apache.catalina.core.StandardEngine.log:173 -Starting Servlet engine: [Apache Tomcat/9.0.24]
2019-11-28 14:33:56.261 INFO [restartedMain]o.a.catalina.core.ContainerBase.[Tomcat].[localhost].[/].log:173 -Initializing Spring embedded WebApplicationContext
2019-11-28 14:33:56.261 INFO [restartedMain]org.springframework.web.context.ContextLoader.prepareWebApplicationContext:284 -Root WebApplicationContext: initialization completed in 1038 ms
2019-11-28 14:33:56.869 INFO [restartedMain]s.d.s.web.PropertySourcedRequestMappingHandlerMapping.initHandlerMethods:69 -Mapped URL path [/v2/api-docs] onto method [public org.springframework.http.ResponseEntity<springfox.documentation.spring.web.json.Json> springfox.documentation.swagger2.web.Swagger2Controller.getDocumentation(java.lang.String,javax.servlet.http.HttpServletRequest)]
2019-11-28 14:33:56.971 INFO [restartedMain]o.s.scheduling.concurrent.ThreadPoolTaskExecutor.initialize:171 -Initializing ExecutorService 'applicationTaskExecutor'
2019-11-28 14:33:57.014 INFO [restartedMain]o.s.boot.devtools.autoconfigure.OptionalLiveReloadServer.startServer:57 -LiveReload server is running on port 35729
2019-11-28 14:33:57.185 INFO [restartedMain]s.d.spring.web.plugins.DocumentationPluginsBootstrapper.start:160 -Context refreshed
2019-11-28 14:33:57.195 INFO [restartedMain]s.d.spring.web.plugins.DocumentationPluginsBootstrapper.start:163 -Found 1 custom documentation plugin(s)
2019-11-28 14:33:57.215 INFO [restartedMain]s.d.spring.web.scanners.ApiListingReferenceScanner.scan:41 -Scanning for api listing references
2019-11-28 14:33:57.309 INFO [restartedMain]s.d.s.w.readers.operation.CachingOperationNameGenerator.startingWith:40 -Generating unique operation named: addUsingPOST_1
2019-11-28 14:33:57.310 INFO [restartedMain]s.d.s.w.readers.operation.CachingOperationNameGenerator.startingWith:40 -Generating unique operation named: deleteUsingDELETE_1
2019-11-28 14:33:57.312 INFO [restartedMain]s.d.s.w.readers.operation.CachingOperationNameGenerator.startingWith:40 -Generating unique operation named: findAllUsingGET_1
2019-11-28 14:33:57.317 INFO [restartedMain]s.d.s.w.readers.operation.CachingOperationNameGenerator.startingWith:40 -Generating unique operation named: addUsingPOST_2
2019-11-28 14:33:57.319 INFO [restartedMain]s.d.s.w.readers.operation.CachingOperationNameGenerator.startingWith:40 -Generating unique operation named: deleteUsingDELETE_2
2019-11-28 14:33:57.321 INFO [restartedMain]s.d.s.w.readers.operation.CachingOperationNameGenerator.startingWith:40 -Generating unique operation named: findAllUsingGET_2
2019-11-28 14:33:57.322 INFO [restartedMain]s.d.s.w.readers.operation.CachingOperationNameGenerator.startingWith:40 -Generating unique operation named: updateUsingPUT_1
2019-11-28 14:33:57.327 INFO [restartedMain]s.d.s.w.readers.operation.CachingOperationNameGenerator.startingWith:40 -Generating unique operation named: deleteUsingDELETE_3
2019-11-28 14:33:57.341 INFO [restartedMain]org.apache.coyote.http11.Http11NioProtocol.log:173 -Starting ProtocolHandler ["http-nio-8089"]
2019-11-28 14:33:57.368 INFO [restartedMain]o.s.boot.web.embedded.tomcat.TomcatWebServer.start:202 -Tomcat started on port(s): 8089 (http) with context path ''
2019-11-28 14:33:57.370 INFO [restartedMain]com.radebit.smartpi.SmartPiApplication.logStarted:59 -Started SmartPiApplication in 22.572 seconds (JVM running for 28.15)
2019-11-28 14:34:12.559 INFO [http-nio-8089-exec-1]o.a.catalina.core.ContainerBase.[Tomcat].[localhost].[/].log:173 -Initializing Spring DispatcherServlet 'dispatcherServlet'
2019-11-28 14:34:12.560 INFO [http-nio-8089-exec-1]org.springframework.web.servlet.DispatcherServlet.initServletBean:524 -Initializing Servlet 'dispatcherServlet'
2019-11-28 14:34:12.567 INFO [http-nio-8089-exec-1]org.springframework.web.servlet.DispatcherServlet.initServletBean:546 -Completed initialization in 7 ms
2019-11-28 14:34:12.577 INFO [http-nio-8089-exec-1]com.radebit.smartpi.intercepter.AuthorizationInterceptor.preHandle:54 -请求体中携带的token - 81d047ad9326bac8aec4c7a8bcd3d966 
2019-11-28 14:34:12.588 INFO [http-nio-8089-exec-1]com.radebit.smartpi.intercepter.AuthorizationInterceptor.preHandle:59 -用户登录 - rade
2019-11-28 14:34:12.589 INFO [http-nio-8089-exec-1]com.radebit.smartpi.intercepter.AuthorizationInterceptor.preHandle:64 -token创建时间 - 1574922722201
2019-11-28 14:34:12.590 INFO [http-nio-8089-exec-1]com.radebit.smartpi.intercepter.AuthorizationInterceptor.preHandle:66 -token存在 - 130389 ms
2019-11-28 14:34:12.593 INFO [http-nio-8089-exec-1]com.radebit.smartpi.intercepter.AuthorizationInterceptor.preHandle:71 -重置过期时间成功!
2019-11-28 14:34:12.640 INFO [http-nio-8089-exec-1]com.alibaba.druid.pool.DruidDataSource.init:1003 -{dataSource-1} inited
2019-11-28 14:34:19.230 INFO [http-nio-8089-exec-3]com.radebit.smartpi.intercepter.AuthorizationInterceptor.preHandle:54 -请求体中携带的token - 81d047ad9326bac8aec4c7a8bcd3d966 
2019-11-28 14:34:19.232 INFO [http-nio-8089-exec-3]com.radebit.smartpi.intercepter.AuthorizationInterceptor.preHandle:59 -用户登录 - rade
2019-11-28 14:34:19.233 INFO [http-nio-8089-exec-3]com.radebit.smartpi.intercepter.AuthorizationInterceptor.preHandle:64 -token创建时间 - 1574922852593
2019-11-28 14:34:19.233 INFO [http-nio-8089-exec-3]com.radebit.smartpi.intercepter.AuthorizationInterceptor.preHandle:66 -token存在 - 6640 ms
