2020-03-06 21:53:40.971 INFO [restartedMain]com.radebit.smartpi.SmartPiApplication.logStarting:50 -Starting SmartPiApplication on RadedeMBP with PID 3879 (/Users/rade/Documents/Java/SmartPi/target/classes started by rade in /Users/rade/Documents/Java/SmartPi)
2020-03-06 21:53:40.974 INFO [restartedMain]com.radebit.smartpi.SmartPiApplication.logStartupProfileInfo:648 -No active profile set, falling back to default profiles: default
2020-03-06 21:53:41.040 INFO [restartedMain]o.s.b.devtools.env.DevToolsPropertyDefaultsPostProcessor.logTo:225 -Devtools property defaults active! Set 'spring.devtools.add-properties' to 'false' to disable
2020-03-06 21:53:41.041 INFO [restartedMain]o.s.b.devtools.env.DevToolsPropertyDefaultsPostProcessor.logTo:225 -For additional web related logging consider setting the 'logging.level.web' property to 'DEBUG'
2020-03-06 21:53:41.765 INFO [restartedMain]o.s.d.repository.config.RepositoryConfigurationDelegate.multipleStoresDetected:244 -Multiple Spring Data modules found, entering strict repository configuration mode!
2020-03-06 21:53:41.770 INFO [restartedMain]o.s.d.repository.config.RepositoryConfigurationDelegate.registerRepositoriesIn:126 -Bootstrapping Spring Data repositories in DEFAULT mode.
2020-03-06 21:53:41.811 INFO [restartedMain]o.s.d.repository.config.RepositoryConfigurationDelegate.registerRepositoriesIn:182 -Finished Spring Data repository scanning in 19ms. Found 0 repository interfaces.
2020-03-06 21:53:42.104 INFO [restartedMain]o.s.c.s.PostProcessorRegistrationDelegate$BeanPostProcessorChecker.postProcessAfterInitialization:330 -Bean 'org.springframework.transaction.annotation.ProxyTransactionManagementConfiguration' of type [org.springframework.transaction.annotation.ProxyTransactionManagementConfiguration$$EnhancerBySpringCGLIB$$1fc37d93] is not eligible for getting processed by all BeanPostProcessors (for example: not eligible for auto-proxying)
2020-03-06 21:53:42.380 INFO [restartedMain]o.s.boot.web.embedded.tomcat.TomcatWebServer.initialize:90 -Tomcat initialized with port(s): 8089 (http)
2020-03-06 21:53:42.394 INFO [restartedMain]org.apache.coyote.http11.Http11NioProtocol.log:173 -Initializing ProtocolHandler ["http-nio-8089"]
2020-03-06 21:53:42.402 INFO [restartedMain]org.apache.catalina.core.StandardService.log:173 -Starting service [Tomcat]
2020-03-06 21:53:42.402 INFO [restartedMain]org.apache.catalina.core.StandardEngine.log:173 -Starting Servlet engine: [Apache Tomcat/9.0.24]
2020-03-06 21:53:42.485 INFO [restartedMain]o.a.catalina.core.ContainerBase.[Tomcat].[localhost].[/].log:173 -Initializing Spring embedded WebApplicationContext
2020-03-06 21:53:42.486 INFO [restartedMain]org.springframework.web.context.ContextLoader.prepareWebApplicationContext:284 -Root WebApplicationContext: initialization completed in 1445 ms
2020-03-06 21:53:43.365 INFO [restartedMain]s.d.s.web.PropertySourcedRequestMappingHandlerMapping.initHandlerMethods:69 -Mapped URL path [/v2/api-docs] onto method [public org.springframework.http.ResponseEntity<springfox.documentation.spring.web.json.Json> springfox.documentation.swagger2.web.Swagger2Controller.getDocumentation(java.lang.String,javax.servlet.http.HttpServletRequest)]
2020-03-06 21:53:43.480 INFO [restartedMain]o.s.scheduling.concurrent.ThreadPoolTaskExecutor.initialize:171 -Initializing ExecutorService 'applicationTaskExecutor'
2020-03-06 21:53:43.521 INFO [restartedMain]o.s.boot.devtools.autoconfigure.OptionalLiveReloadServer.startServer:57 -LiveReload server is running on port 35729
2020-03-06 21:53:43.823 INFO [restartedMain]s.d.spring.web.plugins.DocumentationPluginsBootstrapper.start:160 -Context refreshed
2020-03-06 21:53:43.837 INFO [restartedMain]s.d.spring.web.plugins.DocumentationPluginsBootstrapper.start:163 -Found 1 custom documentation plugin(s)
2020-03-06 21:53:43.860 INFO [restartedMain]s.d.spring.web.scanners.ApiListingReferenceScanner.scan:41 -Scanning for api listing references
2020-03-06 21:53:43.972 INFO [restartedMain]s.d.s.w.readers.operation.CachingOperationNameGenerator.startingWith:40 -Generating unique operation named: addUsingPOST_1
2020-03-06 21:53:43.973 INFO [restartedMain]s.d.s.w.readers.operation.CachingOperationNameGenerator.startingWith:40 -Generating unique operation named: deleteUsingDELETE_1
2020-03-06 21:53:43.975 INFO [restartedMain]s.d.s.w.readers.operation.CachingOperationNameGenerator.startingWith:40 -Generating unique operation named: findAllUsingGET_1
2020-03-06 21:53:43.981 INFO [restartedMain]s.d.s.w.readers.operation.CachingOperationNameGenerator.startingWith:40 -Generating unique operation named: findAllUsingGET_2
2020-03-06 21:53:43.987 INFO [restartedMain]s.d.s.w.readers.operation.CachingOperationNameGenerator.startingWith:40 -Generating unique operation named: updateUsingPUT_1
2020-03-06 21:53:43.990 INFO [restartedMain]s.d.s.w.readers.operation.CachingOperationNameGenerator.startingWith:40 -Generating unique operation named: addUsingPOST_2
2020-03-06 21:53:43.992 INFO [restartedMain]s.d.s.w.readers.operation.CachingOperationNameGenerator.startingWith:40 -Generating unique operation named: deleteUsingDELETE_2
2020-03-06 21:53:43.994 INFO [restartedMain]s.d.s.w.readers.operation.CachingOperationNameGenerator.startingWith:40 -Generating unique operation named: findAllUsingGET_3
2020-03-06 21:53:43.996 INFO [restartedMain]s.d.s.w.readers.operation.CachingOperationNameGenerator.startingWith:40 -Generating unique operation named: findByIdUsingGET_1
2020-03-06 21:53:44.000 INFO [restartedMain]s.d.s.w.readers.operation.CachingOperationNameGenerator.startingWith:40 -Generating unique operation named: addUsingPOST_3
2020-03-06 21:53:44.002 INFO [restartedMain]s.d.s.w.readers.operation.CachingOperationNameGenerator.startingWith:40 -Generating unique operation named: deleteUsingDELETE_3
2020-03-06 21:53:44.003 INFO [restartedMain]s.d.s.w.readers.operation.CachingOperationNameGenerator.startingWith:40 -Generating unique operation named: findAllUsingGET_4
2020-03-06 21:53:44.005 INFO [restartedMain]s.d.s.w.readers.operation.CachingOperationNameGenerator.startingWith:40 -Generating unique operation named: updateUsingPUT_2
2020-03-06 21:53:44.009 INFO [restartedMain]s.d.s.w.readers.operation.CachingOperationNameGenerator.startingWith:40 -Generating unique operation named: deleteUsingDELETE_4
2020-03-06 21:53:44.025 INFO [restartedMain]org.apache.coyote.http11.Http11NioProtocol.log:173 -Starting ProtocolHandler ["http-nio-8089"]
2020-03-06 21:53:44.053 INFO [restartedMain]o.s.boot.web.embedded.tomcat.TomcatWebServer.start:202 -Tomcat started on port(s): 8089 (http) with context path ''
2020-03-06 21:53:44.057 INFO [restartedMain]com.radebit.smartpi.SmartPiApplication.logStarted:59 -Started SmartPiApplication in 3.486 seconds (JVM running for 4.147)
2020-03-06 23:00:03.052 INFO [Thread-16]o.s.scheduling.concurrent.ThreadPoolTaskExecutor.shutdown:208 -Shutting down ExecutorService 'applicationTaskExecutor'
2020-03-06 23:00:03.070 INFO [Thread-16]com.alibaba.druid.pool.DruidDataSource.close:1965 -{dataSource-0} closing ...
