2019-11-26 12:17:57.422 INFO [restartedMain]com.radebit.smartpi.SmartPiApplication.logStarting:50 -Starting SmartPiApplication on RadedeMacBook-Pro.local with PID 1279 (/Users/rade/Documents/JavaEE/SmartPi/target/classes started by rade in /Users/rade/Documents/JavaEE/SmartPi)
2019-11-26 12:17:57.427 INFO [restartedMain]com.radebit.smartpi.SmartPiApplication.logStartupProfileInfo:648 -No active profile set, falling back to default profiles: default
2019-11-26 12:17:57.529 INFO [restartedMain]o.s.b.devtools.env.DevToolsPropertyDefaultsPostProcessor.logTo:225 -Devtools property defaults active! Set 'spring.devtools.add-properties' to 'false' to disable
2019-11-26 12:17:57.529 INFO [restartedMain]o.s.b.devtools.env.DevToolsPropertyDefaultsPostProcessor.logTo:225 -For additional web related logging consider setting the 'logging.level.web' property to 'DEBUG'
2019-11-26 12:17:58.430 INFO [restartedMain]o.s.d.repository.config.RepositoryConfigurationDelegate.multipleStoresDetected:244 -Multiple Spring Data modules found, entering strict repository configuration mode!
2019-11-26 12:17:58.433 INFO [restartedMain]o.s.d.repository.config.RepositoryConfigurationDelegate.registerRepositoriesIn:126 -Bootstrapping Spring Data repositories in DEFAULT mode.
2019-11-26 12:17:58.468 INFO [restartedMain]o.s.d.repository.config.RepositoryConfigurationDelegate.registerRepositoriesIn:182 -Finished Spring Data repository scanning in 21ms. Found 0 repository interfaces.
2019-11-26 12:17:58.814 INFO [restartedMain]o.s.c.s.PostProcessorRegistrationDelegate$BeanPostProcessorChecker.postProcessAfterInitialization:330 -Bean 'org.springframework.transaction.annotation.ProxyTransactionManagementConfiguration' of type [org.springframework.transaction.annotation.ProxyTransactionManagementConfiguration$$EnhancerBySpringCGLIB$$6a0d626] is not eligible for getting processed by all BeanPostProcessors (for example: not eligible for auto-proxying)
2019-11-26 12:17:59.120 INFO [restartedMain]o.s.boot.web.embedded.tomcat.TomcatWebServer.initialize:90 -Tomcat initialized with port(s): 8089 (http)
2019-11-26 12:17:59.133 INFO [restartedMain]org.apache.coyote.http11.Http11NioProtocol.log:173 -Initializing ProtocolHandler ["http-nio-8089"]
2019-11-26 12:17:59.142 INFO [restartedMain]org.apache.catalina.core.StandardService.log:173 -Starting service [Tomcat]
2019-11-26 12:17:59.142 INFO [restartedMain]org.apache.catalina.core.StandardEngine.log:173 -Starting Servlet engine: [Apache Tomcat/9.0.24]
2019-11-26 12:17:59.217 INFO [restartedMain]o.a.catalina.core.ContainerBase.[Tomcat].[localhost].[/].log:173 -Initializing Spring embedded WebApplicationContext
2019-11-26 12:17:59.218 INFO [restartedMain]org.springframework.web.context.ContextLoader.prepareWebApplicationContext:284 -Root WebApplicationContext: initialization completed in 1689 ms
2019-11-26 12:18:00.069 INFO [restartedMain]s.d.s.web.PropertySourcedRequestMappingHandlerMapping.initHandlerMethods:69 -Mapped URL path [/v2/api-docs] onto method [public org.springframework.http.ResponseEntity<springfox.documentation.spring.web.json.Json> springfox.documentation.swagger2.web.Swagger2Controller.getDocumentation(java.lang.String,javax.servlet.http.HttpServletRequest)]
2019-11-26 12:18:00.198 INFO [restartedMain]o.s.scheduling.concurrent.ThreadPoolTaskExecutor.initialize:171 -Initializing ExecutorService 'applicationTaskExecutor'
2019-11-26 12:18:00.244 WARN [restartedMain]o.s.boot.devtools.autoconfigure.OptionalLiveReloadServer.startServer:60 -Unable to start LiveReload server
2019-11-26 12:18:00.505 INFO [restartedMain]s.d.spring.web.plugins.DocumentationPluginsBootstrapper.start:160 -Context refreshed
2019-11-26 12:18:00.521 INFO [restartedMain]s.d.spring.web.plugins.DocumentationPluginsBootstrapper.start:163 -Found 1 custom documentation plugin(s)
2019-11-26 12:18:00.553 INFO [restartedMain]s.d.spring.web.scanners.ApiListingReferenceScanner.scan:41 -Scanning for api listing references
2019-11-26 12:18:00.704 INFO [restartedMain]s.d.s.w.readers.operation.CachingOperationNameGenerator.startingWith:40 -Generating unique operation named: addUsingPOST_1
2019-11-26 12:18:00.707 INFO [restartedMain]s.d.s.w.readers.operation.CachingOperationNameGenerator.startingWith:40 -Generating unique operation named: deleteUsingDELETE_1
2019-11-26 12:18:00.709 INFO [restartedMain]s.d.s.w.readers.operation.CachingOperationNameGenerator.startingWith:40 -Generating unique operation named: findAllUsingGET_1
2019-11-26 12:18:00.718 INFO [restartedMain]s.d.s.w.readers.operation.CachingOperationNameGenerator.startingWith:40 -Generating unique operation named: addUsingPOST_2
2019-11-26 12:18:00.719 INFO [restartedMain]s.d.s.w.readers.operation.CachingOperationNameGenerator.startingWith:40 -Generating unique operation named: deleteUsingDELETE_2
2019-11-26 12:18:00.722 INFO [restartedMain]s.d.s.w.readers.operation.CachingOperationNameGenerator.startingWith:40 -Generating unique operation named: findAllUsingGET_2
2019-11-26 12:18:00.724 INFO [restartedMain]s.d.s.w.readers.operation.CachingOperationNameGenerator.startingWith:40 -Generating unique operation named: updateUsingPUT_1
2019-11-26 12:18:00.729 INFO [restartedMain]s.d.s.w.readers.operation.CachingOperationNameGenerator.startingWith:40 -Generating unique operation named: deleteUsingDELETE_3
2019-11-26 12:18:00.749 INFO [restartedMain]org.apache.coyote.http11.Http11NioProtocol.log:173 -Starting ProtocolHandler ["http-nio-8089"]
2019-11-26 12:18:00.785 INFO [restartedMain]o.s.boot.web.embedded.tomcat.TomcatWebServer.start:202 -Tomcat started on port(s): 8089 (http) with context path ''
2019-11-26 12:18:00.789 INFO [restartedMain]com.radebit.smartpi.SmartPiApplication.logStarted:59 -Started SmartPiApplication in 3.973 seconds (JVM running for 5.175)
2019-11-26 12:28:00.775 INFO [Thread-15]o.s.scheduling.concurrent.ThreadPoolTaskExecutor.shutdown:208 -Shutting down ExecutorService 'applicationTaskExecutor'
2019-11-26 12:28:00.815 INFO [Thread-15]com.alibaba.druid.pool.DruidDataSource.close:1965 -{dataSource-0} closing ...
2019-11-26 12:28:08.899 INFO [restartedMain]com.radebit.smartpi.SmartPiApplication.logStarting:50 -Starting SmartPiApplication on RadedeMacBook-Pro.local with PID 1329 (/Users/rade/Documents/JavaEE/SmartPi/target/classes started by rade in /Users/rade/Documents/JavaEE/SmartPi)
2019-11-26 12:28:08.903 INFO [restartedMain]com.radebit.smartpi.SmartPiApplication.logStartupProfileInfo:648 -No active profile set, falling back to default profiles: default
2019-11-26 12:28:09.036 INFO [restartedMain]o.s.b.devtools.env.DevToolsPropertyDefaultsPostProcessor.logTo:225 -Devtools property defaults active! Set 'spring.devtools.add-properties' to 'false' to disable
2019-11-26 12:28:09.036 INFO [restartedMain]o.s.b.devtools.env.DevToolsPropertyDefaultsPostProcessor.logTo:225 -For additional web related logging consider setting the 'logging.level.web' property to 'DEBUG'
2019-11-26 12:28:10.329 INFO [restartedMain]o.s.d.repository.config.RepositoryConfigurationDelegate.multipleStoresDetected:244 -Multiple Spring Data modules found, entering strict repository configuration mode!
2019-11-26 12:28:10.331 INFO [restartedMain]o.s.d.repository.config.RepositoryConfigurationDelegate.registerRepositoriesIn:126 -Bootstrapping Spring Data repositories in DEFAULT mode.
2019-11-26 12:28:10.367 INFO [restartedMain]o.s.d.repository.config.RepositoryConfigurationDelegate.registerRepositoriesIn:182 -Finished Spring Data repository scanning in 22ms. Found 0 repository interfaces.
2019-11-26 12:28:10.734 INFO [restartedMain]o.s.c.s.PostProcessorRegistrationDelegate$BeanPostProcessorChecker.postProcessAfterInitialization:330 -Bean 'org.springframework.transaction.annotation.ProxyTransactionManagementConfiguration' of type [org.springframework.transaction.annotation.ProxyTransactionManagementConfiguration$$EnhancerBySpringCGLIB$$36728d39] is not eligible for getting processed by all BeanPostProcessors (for example: not eligible for auto-proxying)
2019-11-26 12:28:11.093 INFO [restartedMain]o.s.boot.web.embedded.tomcat.TomcatWebServer.initialize:90 -Tomcat initialized with port(s): 8089 (http)
2019-11-26 12:28:11.107 INFO [restartedMain]org.apache.coyote.http11.Http11NioProtocol.log:173 -Initializing ProtocolHandler ["http-nio-8089"]
2019-11-26 12:28:11.118 INFO [restartedMain]org.apache.catalina.core.StandardService.log:173 -Starting service [Tomcat]
2019-11-26 12:28:11.119 INFO [restartedMain]org.apache.catalina.core.StandardEngine.log:173 -Starting Servlet engine: [Apache Tomcat/9.0.24]
2019-11-26 12:28:11.213 INFO [restartedMain]o.a.catalina.core.ContainerBase.[Tomcat].[localhost].[/].log:173 -Initializing Spring embedded WebApplicationContext
2019-11-26 12:28:11.214 INFO [restartedMain]org.springframework.web.context.ContextLoader.prepareWebApplicationContext:284 -Root WebApplicationContext: initialization completed in 2177 ms
2019-11-26 12:28:12.389 INFO [restartedMain]s.d.s.web.PropertySourcedRequestMappingHandlerMapping.initHandlerMethods:69 -Mapped URL path [/v2/api-docs] onto method [public org.springframework.http.ResponseEntity<springfox.documentation.spring.web.json.Json> springfox.documentation.swagger2.web.Swagger2Controller.getDocumentation(java.lang.String,javax.servlet.http.HttpServletRequest)]
2019-11-26 12:28:12.556 INFO [restartedMain]o.s.scheduling.concurrent.ThreadPoolTaskExecutor.initialize:171 -Initializing ExecutorService 'applicationTaskExecutor'
2019-11-26 12:28:12.602 WARN [restartedMain]o.s.boot.devtools.autoconfigure.OptionalLiveReloadServer.startServer:60 -Unable to start LiveReload server
2019-11-26 12:28:12.913 INFO [restartedMain]s.d.spring.web.plugins.DocumentationPluginsBootstrapper.start:160 -Context refreshed
2019-11-26 12:28:12.931 INFO [restartedMain]s.d.spring.web.plugins.DocumentationPluginsBootstrapper.start:163 -Found 1 custom documentation plugin(s)
2019-11-26 12:28:12.967 INFO [restartedMain]s.d.spring.web.scanners.ApiListingReferenceScanner.scan:41 -Scanning for api listing references
2019-11-26 12:28:13.187 INFO [restartedMain]s.d.s.w.readers.operation.CachingOperationNameGenerator.startingWith:40 -Generating unique operation named: addUsingPOST_1
2019-11-26 12:28:13.190 INFO [restartedMain]s.d.s.w.readers.operation.CachingOperationNameGenerator.startingWith:40 -Generating unique operation named: deleteUsingDELETE_1
2019-11-26 12:28:13.194 INFO [restartedMain]s.d.s.w.readers.operation.CachingOperationNameGenerator.startingWith:40 -Generating unique operation named: findAllUsingGET_1
2019-11-26 12:28:13.207 INFO [restartedMain]s.d.s.w.readers.operation.CachingOperationNameGenerator.startingWith:40 -Generating unique operation named: addUsingPOST_2
2019-11-26 12:28:13.211 INFO [restartedMain]s.d.s.w.readers.operation.CachingOperationNameGenerator.startingWith:40 -Generating unique operation named: deleteUsingDELETE_2
2019-11-26 12:28:13.216 INFO [restartedMain]s.d.s.w.readers.operation.CachingOperationNameGenerator.startingWith:40 -Generating unique operation named: findAllUsingGET_2
2019-11-26 12:28:13.220 INFO [restartedMain]s.d.s.w.readers.operation.CachingOperationNameGenerator.startingWith:40 -Generating unique operation named: updateUsingPUT_1
2019-11-26 12:28:13.231 INFO [restartedMain]s.d.s.w.readers.operation.CachingOperationNameGenerator.startingWith:40 -Generating unique operation named: deleteUsingDELETE_3
2019-11-26 12:28:13.269 INFO [restartedMain]org.apache.coyote.http11.Http11NioProtocol.log:173 -Starting ProtocolHandler ["http-nio-8089"]
2019-11-26 12:28:13.331 INFO [restartedMain]o.s.boot.web.embedded.tomcat.TomcatWebServer.start:202 -Tomcat started on port(s): 8089 (http) with context path ''
2019-11-26 12:28:13.338 INFO [restartedMain]com.radebit.smartpi.SmartPiApplication.logStarted:59 -Started SmartPiApplication in 5.48 seconds (JVM running for 6.46)
2019-11-26 12:29:27.447 INFO [http-nio-8089-exec-1]o.a.catalina.core.ContainerBase.[Tomcat].[localhost].[/].log:173 -Initializing Spring DispatcherServlet 'dispatcherServlet'
2019-11-26 12:29:27.448 INFO [http-nio-8089-exec-1]org.springframework.web.servlet.DispatcherServlet.initServletBean:524 -Initializing Servlet 'dispatcherServlet'
2019-11-26 12:29:27.457 INFO [http-nio-8089-exec-1]org.springframework.web.servlet.DispatcherServlet.initServletBean:546 -Completed initialization in 9 ms
2019-11-26 12:29:27.470 INFO [http-nio-8089-exec-1]com.radebit.smartpi.intercepter.AuthorizationInterceptor.preHandle:54 -请求体中携带的token -  
2019-11-26 12:29:33.292 INFO [http-nio-8089-exec-3]com.alibaba.druid.pool.DruidDataSource.init:1003 -{dataSource-1} inited
2019-11-26 20:52:59.295 INFO [Thread-18]o.s.scheduling.concurrent.ThreadPoolTaskExecutor.shutdown:208 -Shutting down ExecutorService 'applicationTaskExecutor'
2019-11-26 20:52:59.311 INFO [Thread-18]com.alibaba.druid.pool.DruidDataSource.close:1965 -{dataSource-1} closing ...
2019-11-26 20:52:59.312 INFO [Thread-18]com.alibaba.druid.pool.DruidDataSource.close:2037 -{dataSource-1} closed
