2019-11-30 21:56:05.916 INFO [restartedMain]com.radebit.smartpi.SmartPiApplication.logStarting:50 -Starting SmartPiApplication on RadedeMacBook-Pro.local with PID 1851 (/Users/rade/Documents/JavaEE/SmartPi/target/classes started by rade in /Users/rade/Documents/JavaEE/SmartPi)
2019-11-30 21:56:05.920 INFO [restartedMain]com.radebit.smartpi.SmartPiApplication.logStartupProfileInfo:648 -No active profile set, falling back to default profiles: default
2019-11-30 21:56:06.029 INFO [restartedMain]o.s.b.devtools.env.DevToolsPropertyDefaultsPostProcessor.logTo:225 -Devtools property defaults active! Set 'spring.devtools.add-properties' to 'false' to disable
2019-11-30 21:56:06.030 INFO [restartedMain]o.s.b.devtools.env.DevToolsPropertyDefaultsPostProcessor.logTo:225 -For additional web related logging consider setting the 'logging.level.web' property to 'DEBUG'
2019-11-30 21:56:06.965 INFO [restartedMain]o.s.d.repository.config.RepositoryConfigurationDelegate.multipleStoresDetected:244 -Multiple Spring Data modules found, entering strict repository configuration mode!
2019-11-30 21:56:06.970 INFO [restartedMain]o.s.d.repository.config.RepositoryConfigurationDelegate.registerRepositoriesIn:126 -Bootstrapping Spring Data repositories in DEFAULT mode.
2019-11-30 21:56:07.017 INFO [restartedMain]o.s.d.repository.config.RepositoryConfigurationDelegate.registerRepositoriesIn:182 -Finished Spring Data repository scanning in 22ms. Found 0 repository interfaces.
2019-11-30 21:56:07.330 INFO [restartedMain]o.s.c.s.PostProcessorRegistrationDelegate$BeanPostProcessorChecker.postProcessAfterInitialization:330 -Bean 'org.springframework.transaction.annotation.ProxyTransactionManagementConfiguration' of type [org.springframework.transaction.annotation.ProxyTransactionManagementConfiguration$$EnhancerBySpringCGLIB$$ac3248b5] is not eligible for getting processed by all BeanPostProcessors (for example: not eligible for auto-proxying)
2019-11-30 21:56:07.615 INFO [restartedMain]o.s.boot.web.embedded.tomcat.TomcatWebServer.initialize:90 -Tomcat initialized with port(s): 8089 (http)
2019-11-30 21:56:07.630 INFO [restartedMain]org.apache.coyote.http11.Http11NioProtocol.log:173 -Initializing ProtocolHandler ["http-nio-8089"]
2019-11-30 21:56:07.639 INFO [restartedMain]org.apache.catalina.core.StandardService.log:173 -Starting service [Tomcat]
2019-11-30 21:56:07.639 INFO [restartedMain]org.apache.catalina.core.StandardEngine.log:173 -Starting Servlet engine: [Apache Tomcat/9.0.24]
2019-11-30 21:56:07.723 INFO [restartedMain]o.a.catalina.core.ContainerBase.[Tomcat].[localhost].[/].log:173 -Initializing Spring embedded WebApplicationContext
2019-11-30 21:56:07.724 INFO [restartedMain]org.springframework.web.context.ContextLoader.prepareWebApplicationContext:284 -Root WebApplicationContext: initialization completed in 1694 ms
2019-11-30 21:56:09.610 INFO [restartedMain]s.d.s.web.PropertySourcedRequestMappingHandlerMapping.initHandlerMethods:69 -Mapped URL path [/v2/api-docs] onto method [public org.springframework.http.ResponseEntity<springfox.documentation.spring.web.json.Json> springfox.documentation.swagger2.web.Swagger2Controller.getDocumentation(java.lang.String,javax.servlet.http.HttpServletRequest)]
2019-11-30 21:56:09.869 INFO [restartedMain]o.s.scheduling.concurrent.ThreadPoolTaskExecutor.initialize:171 -Initializing ExecutorService 'applicationTaskExecutor'
2019-11-30 21:56:09.938 INFO [restartedMain]o.s.boot.devtools.autoconfigure.OptionalLiveReloadServer.startServer:57 -LiveReload server is running on port 35729
2019-11-30 21:56:10.295 INFO [restartedMain]s.d.spring.web.plugins.DocumentationPluginsBootstrapper.start:160 -Context refreshed
2019-11-30 21:56:10.328 INFO [restartedMain]s.d.spring.web.plugins.DocumentationPluginsBootstrapper.start:163 -Found 1 custom documentation plugin(s)
2019-11-30 21:56:10.372 INFO [restartedMain]s.d.spring.web.scanners.ApiListingReferenceScanner.scan:41 -Scanning for api listing references
2019-11-30 21:56:10.579 INFO [restartedMain]s.d.s.w.readers.operation.CachingOperationNameGenerator.startingWith:40 -Generating unique operation named: addUsingPOST_1
2019-11-30 21:56:10.581 INFO [restartedMain]s.d.s.w.readers.operation.CachingOperationNameGenerator.startingWith:40 -Generating unique operation named: deleteUsingDELETE_1
2019-11-30 21:56:10.583 INFO [restartedMain]s.d.s.w.readers.operation.CachingOperationNameGenerator.startingWith:40 -Generating unique operation named: findAllUsingGET_1
2019-11-30 21:56:10.590 INFO [restartedMain]s.d.s.w.readers.operation.CachingOperationNameGenerator.startingWith:40 -Generating unique operation named: addUsingPOST_2
2019-11-30 21:56:10.591 INFO [restartedMain]s.d.s.w.readers.operation.CachingOperationNameGenerator.startingWith:40 -Generating unique operation named: deleteUsingDELETE_2
2019-11-30 21:56:10.593 INFO [restartedMain]s.d.s.w.readers.operation.CachingOperationNameGenerator.startingWith:40 -Generating unique operation named: findAllUsingGET_2
2019-11-30 21:56:10.598 INFO [restartedMain]s.d.s.w.readers.operation.CachingOperationNameGenerator.startingWith:40 -Generating unique operation named: updateUsingPUT_1
2019-11-30 21:56:10.600 INFO [restartedMain]s.d.s.w.readers.operation.CachingOperationNameGenerator.startingWith:40 -Generating unique operation named: addUsingPOST_3
2019-11-30 21:56:10.602 INFO [restartedMain]s.d.s.w.readers.operation.CachingOperationNameGenerator.startingWith:40 -Generating unique operation named: deleteUsingDELETE_3
2019-11-30 21:56:10.604 INFO [restartedMain]s.d.s.w.readers.operation.CachingOperationNameGenerator.startingWith:40 -Generating unique operation named: findAllUsingGET_3
2019-11-30 21:56:10.605 INFO [restartedMain]s.d.s.w.readers.operation.CachingOperationNameGenerator.startingWith:40 -Generating unique operation named: updateUsingPUT_2
2019-11-30 21:56:10.610 INFO [restartedMain]s.d.s.w.readers.operation.CachingOperationNameGenerator.startingWith:40 -Generating unique operation named: deleteUsingDELETE_4
2019-11-30 21:56:10.630 INFO [restartedMain]org.apache.coyote.http11.Http11NioProtocol.log:173 -Starting ProtocolHandler ["http-nio-8089"]
2019-11-30 21:56:10.664 INFO [restartedMain]o.s.boot.web.embedded.tomcat.TomcatWebServer.start:202 -Tomcat started on port(s): 8089 (http) with context path ''
2019-11-30 21:56:10.666 INFO [restartedMain]com.radebit.smartpi.SmartPiApplication.logStarted:59 -Started SmartPiApplication in 5.323 seconds (JVM running for 6.164)
2019-11-30 21:56:13.181 INFO [http-nio-8089-exec-1]o.a.catalina.core.ContainerBase.[Tomcat].[localhost].[/].log:173 -Initializing Spring DispatcherServlet 'dispatcherServlet'
2019-11-30 21:56:13.181 INFO [http-nio-8089-exec-1]org.springframework.web.servlet.DispatcherServlet.initServletBean:524 -Initializing Servlet 'dispatcherServlet'
2019-11-30 21:56:13.189 INFO [http-nio-8089-exec-1]org.springframework.web.servlet.DispatcherServlet.initServletBean:546 -Completed initialization in 8 ms
2019-11-30 21:56:13.265 INFO [http-nio-8089-exec-1]com.alibaba.druid.pool.DruidDataSource.init:1003 -{dataSource-1} inited
2019-11-30 21:58:28.007 WARN [http-nio-8089-exec-9]o.s.w.s.m.m.annotation.ExceptionHandlerExceptionResolver.logException:198 -Resolved [org.springframework.jdbc.BadSqlGrammarException: 
### Error updating database.  Cause: java.sql.SQLSyntaxErrorException: You have an error in your SQL syntax; check the manual that corresponds to your MySQL server version for the right syntax to use near 'WHERE (device_id = 2)' at line 2
### The error may exist in com/radebit/smartpi/mapper/DeviceSwitchMapper.java (best guess)
### The error may involve com.radebit.smartpi.mapper.DeviceSwitchMapper.update-Inline
### The error occurred while setting parameters
### SQL: UPDATE device_switch WHERE (device_id = ?)
### Cause: java.sql.SQLSyntaxErrorException: You have an error in your SQL syntax; check the manual that corresponds to your MySQL server version for the right syntax to use near 'WHERE (device_id = 2)' at line 2
; bad SQL grammar []; nested exception is java.sql.SQLSyntaxErrorException: You have an error in your SQL syntax; check the manual that corresponds to your MySQL server version for the right syntax to use near 'WHERE (device_id = 2)' at line 2]
2019-11-30 21:59:11.843 INFO [Thread-18]o.s.scheduling.concurrent.ThreadPoolTaskExecutor.shutdown:208 -Shutting down ExecutorService 'applicationTaskExecutor'
2019-11-30 21:59:11.872 INFO [Thread-18]com.alibaba.druid.pool.DruidDataSource.close:1965 -{dataSource-1} closing ...
2019-11-30 21:59:11.875 INFO [Thread-18]com.alibaba.druid.pool.DruidDataSource.close:2037 -{dataSource-1} closed
2019-11-30 21:59:16.875 INFO [restartedMain]com.radebit.smartpi.SmartPiApplication.logStarting:50 -Starting SmartPiApplication on RadedeMacBook-Pro.local with PID 1877 (/Users/rade/Documents/JavaEE/SmartPi/target/classes started by rade in /Users/rade/Documents/JavaEE/SmartPi)
2019-11-30 21:59:16.878 INFO [restartedMain]com.radebit.smartpi.SmartPiApplication.logStartupProfileInfo:648 -No active profile set, falling back to default profiles: default
2019-11-30 21:59:16.934 INFO [restartedMain]o.s.b.devtools.env.DevToolsPropertyDefaultsPostProcessor.logTo:225 -Devtools property defaults active! Set 'spring.devtools.add-properties' to 'false' to disable
2019-11-30 21:59:16.934 INFO [restartedMain]o.s.b.devtools.env.DevToolsPropertyDefaultsPostProcessor.logTo:225 -For additional web related logging consider setting the 'logging.level.web' property to 'DEBUG'
2019-11-30 21:59:17.490 INFO [restartedMain]o.s.d.repository.config.RepositoryConfigurationDelegate.multipleStoresDetected:244 -Multiple Spring Data modules found, entering strict repository configuration mode!
2019-11-30 21:59:17.492 INFO [restartedMain]o.s.d.repository.config.RepositoryConfigurationDelegate.registerRepositoriesIn:126 -Bootstrapping Spring Data repositories in DEFAULT mode.
2019-11-30 21:59:17.520 INFO [restartedMain]o.s.d.repository.config.RepositoryConfigurationDelegate.registerRepositoriesIn:182 -Finished Spring Data repository scanning in 18ms. Found 0 repository interfaces.
2019-11-30 21:59:17.851 INFO [restartedMain]o.s.c.s.PostProcessorRegistrationDelegate$BeanPostProcessorChecker.postProcessAfterInitialization:330 -Bean 'org.springframework.transaction.annotation.ProxyTransactionManagementConfiguration' of type [org.springframework.transaction.annotation.ProxyTransactionManagementConfiguration$$EnhancerBySpringCGLIB$$b166972f] is not eligible for getting processed by all BeanPostProcessors (for example: not eligible for auto-proxying)
2019-11-30 21:59:18.091 INFO [restartedMain]o.s.boot.web.embedded.tomcat.TomcatWebServer.initialize:90 -Tomcat initialized with port(s): 8089 (http)
2019-11-30 21:59:18.101 INFO [restartedMain]org.apache.coyote.http11.Http11NioProtocol.log:173 -Initializing ProtocolHandler ["http-nio-8089"]
2019-11-30 21:59:18.108 INFO [restartedMain]org.apache.catalina.core.StandardService.log:173 -Starting service [Tomcat]
2019-11-30 21:59:18.108 INFO [restartedMain]org.apache.catalina.core.StandardEngine.log:173 -Starting Servlet engine: [Apache Tomcat/9.0.24]
2019-11-30 21:59:18.165 INFO [restartedMain]o.a.catalina.core.ContainerBase.[Tomcat].[localhost].[/].log:173 -Initializing Spring embedded WebApplicationContext
2019-11-30 21:59:18.165 INFO [restartedMain]org.springframework.web.context.ContextLoader.prepareWebApplicationContext:284 -Root WebApplicationContext: initialization completed in 1231 ms
2019-11-30 21:59:18.811 INFO [restartedMain]s.d.s.web.PropertySourcedRequestMappingHandlerMapping.initHandlerMethods:69 -Mapped URL path [/v2/api-docs] onto method [public org.springframework.http.ResponseEntity<springfox.documentation.spring.web.json.Json> springfox.documentation.swagger2.web.Swagger2Controller.getDocumentation(java.lang.String,javax.servlet.http.HttpServletRequest)]
2019-11-30 21:59:18.903 INFO [restartedMain]o.s.scheduling.concurrent.ThreadPoolTaskExecutor.initialize:171 -Initializing ExecutorService 'applicationTaskExecutor'
2019-11-30 21:59:18.937 INFO [restartedMain]o.s.boot.devtools.autoconfigure.OptionalLiveReloadServer.startServer:57 -LiveReload server is running on port 35729
2019-11-30 21:59:19.189 INFO [restartedMain]s.d.spring.web.plugins.DocumentationPluginsBootstrapper.start:160 -Context refreshed
2019-11-30 21:59:19.206 INFO [restartedMain]s.d.spring.web.plugins.DocumentationPluginsBootstrapper.start:163 -Found 1 custom documentation plugin(s)
2019-11-30 21:59:19.239 INFO [restartedMain]s.d.spring.web.scanners.ApiListingReferenceScanner.scan:41 -Scanning for api listing references
2019-11-30 21:59:19.400 INFO [restartedMain]s.d.s.w.readers.operation.CachingOperationNameGenerator.startingWith:40 -Generating unique operation named: addUsingPOST_1
2019-11-30 21:59:19.403 INFO [restartedMain]s.d.s.w.readers.operation.CachingOperationNameGenerator.startingWith:40 -Generating unique operation named: deleteUsingDELETE_1
2019-11-30 21:59:19.406 INFO [restartedMain]s.d.s.w.readers.operation.CachingOperationNameGenerator.startingWith:40 -Generating unique operation named: findAllUsingGET_1
2019-11-30 21:59:19.415 INFO [restartedMain]s.d.s.w.readers.operation.CachingOperationNameGenerator.startingWith:40 -Generating unique operation named: addUsingPOST_2
2019-11-30 21:59:19.418 INFO [restartedMain]s.d.s.w.readers.operation.CachingOperationNameGenerator.startingWith:40 -Generating unique operation named: deleteUsingDELETE_2
2019-11-30 21:59:19.420 INFO [restartedMain]s.d.s.w.readers.operation.CachingOperationNameGenerator.startingWith:40 -Generating unique operation named: findAllUsingGET_2
2019-11-30 21:59:19.429 INFO [restartedMain]s.d.s.w.readers.operation.CachingOperationNameGenerator.startingWith:40 -Generating unique operation named: updateUsingPUT_1
2019-11-30 21:59:19.432 INFO [restartedMain]s.d.s.w.readers.operation.CachingOperationNameGenerator.startingWith:40 -Generating unique operation named: addUsingPOST_3
2019-11-30 21:59:19.435 INFO [restartedMain]s.d.s.w.readers.operation.CachingOperationNameGenerator.startingWith:40 -Generating unique operation named: deleteUsingDELETE_3
2019-11-30 21:59:19.438 INFO [restartedMain]s.d.s.w.readers.operation.CachingOperationNameGenerator.startingWith:40 -Generating unique operation named: findAllUsingGET_3
2019-11-30 21:59:19.440 INFO [restartedMain]s.d.s.w.readers.operation.CachingOperationNameGenerator.startingWith:40 -Generating unique operation named: updateUsingPUT_2
2019-11-30 21:59:19.448 INFO [restartedMain]s.d.s.w.readers.operation.CachingOperationNameGenerator.startingWith:40 -Generating unique operation named: deleteUsingDELETE_4
2019-11-30 21:59:19.472 INFO [restartedMain]org.apache.coyote.http11.Http11NioProtocol.log:173 -Starting ProtocolHandler ["http-nio-8089"]
2019-11-30 21:59:19.518 INFO [restartedMain]o.s.boot.web.embedded.tomcat.TomcatWebServer.start:202 -Tomcat started on port(s): 8089 (http) with context path ''
2019-11-30 21:59:19.521 INFO [restartedMain]com.radebit.smartpi.SmartPiApplication.logStarted:59 -Started SmartPiApplication in 3.112 seconds (JVM running for 3.89)
2019-11-30 21:59:31.364 INFO [http-nio-8089-exec-2]o.a.catalina.core.ContainerBase.[Tomcat].[localhost].[/].log:173 -Initializing Spring DispatcherServlet 'dispatcherServlet'
2019-11-30 21:59:31.364 INFO [http-nio-8089-exec-2]org.springframework.web.servlet.DispatcherServlet.initServletBean:524 -Initializing Servlet 'dispatcherServlet'
2019-11-30 21:59:31.375 INFO [http-nio-8089-exec-2]org.springframework.web.servlet.DispatcherServlet.initServletBean:546 -Completed initialization in 10 ms
2019-11-30 21:59:31.456 INFO [http-nio-8089-exec-2]com.alibaba.druid.pool.DruidDataSource.init:1003 -{dataSource-1} inited
2019-11-30 22:07:30.094 INFO [Thread-15]o.s.scheduling.concurrent.ThreadPoolTaskExecutor.shutdown:208 -Shutting down ExecutorService 'applicationTaskExecutor'
2019-11-30 22:07:30.135 INFO [Thread-15]com.alibaba.druid.pool.DruidDataSource.close:1965 -{dataSource-1} closing ...
2019-11-30 22:07:30.138 INFO [Thread-15]com.alibaba.druid.pool.DruidDataSource.close:2037 -{dataSource-1} closed
2019-11-30 22:07:34.860 INFO [restartedMain]com.radebit.smartpi.SmartPiApplication.logStarting:50 -Starting SmartPiApplication on RadedeMacBook-Pro.local with PID 1901 (/Users/rade/Documents/JavaEE/SmartPi/target/classes started by rade in /Users/rade/Documents/JavaEE/SmartPi)
2019-11-30 22:07:34.863 INFO [restartedMain]com.radebit.smartpi.SmartPiApplication.logStartupProfileInfo:648 -No active profile set, falling back to default profiles: default
2019-11-30 22:07:34.970 INFO [restartedMain]o.s.b.devtools.env.DevToolsPropertyDefaultsPostProcessor.logTo:225 -Devtools property defaults active! Set 'spring.devtools.add-properties' to 'false' to disable
2019-11-30 22:07:34.971 INFO [restartedMain]o.s.b.devtools.env.DevToolsPropertyDefaultsPostProcessor.logTo:225 -For additional web related logging consider setting the 'logging.level.web' property to 'DEBUG'
2019-11-30 22:07:35.907 INFO [restartedMain]o.s.d.repository.config.RepositoryConfigurationDelegate.multipleStoresDetected:244 -Multiple Spring Data modules found, entering strict repository configuration mode!
2019-11-30 22:07:35.910 INFO [restartedMain]o.s.d.repository.config.RepositoryConfigurationDelegate.registerRepositoriesIn:126 -Bootstrapping Spring Data repositories in DEFAULT mode.
2019-11-30 22:07:35.942 INFO [restartedMain]o.s.d.repository.config.RepositoryConfigurationDelegate.registerRepositoriesIn:182 -Finished Spring Data repository scanning in 18ms. Found 0 repository interfaces.
2019-11-30 22:07:36.172 INFO [restartedMain]o.s.c.s.PostProcessorRegistrationDelegate$BeanPostProcessorChecker.postProcessAfterInitialization:330 -Bean 'org.springframework.transaction.annotation.ProxyTransactionManagementConfiguration' of type [org.springframework.transaction.annotation.ProxyTransactionManagementConfiguration$$EnhancerBySpringCGLIB$$5eb91c0c] is not eligible for getting processed by all BeanPostProcessors (for example: not eligible for auto-proxying)
2019-11-30 22:07:36.392 INFO [restartedMain]o.s.boot.web.embedded.tomcat.TomcatWebServer.initialize:90 -Tomcat initialized with port(s): 8089 (http)
2019-11-30 22:07:36.401 INFO [restartedMain]org.apache.coyote.http11.Http11NioProtocol.log:173 -Initializing ProtocolHandler ["http-nio-8089"]
2019-11-30 22:07:36.407 INFO [restartedMain]org.apache.catalina.core.StandardService.log:173 -Starting service [Tomcat]
2019-11-30 22:07:36.408 INFO [restartedMain]org.apache.catalina.core.StandardEngine.log:173 -Starting Servlet engine: [Apache Tomcat/9.0.24]
2019-11-30 22:07:36.469 INFO [restartedMain]o.a.catalina.core.ContainerBase.[Tomcat].[localhost].[/].log:173 -Initializing Spring embedded WebApplicationContext
2019-11-30 22:07:36.470 INFO [restartedMain]org.springframework.web.context.ContextLoader.prepareWebApplicationContext:284 -Root WebApplicationContext: initialization completed in 1499 ms
2019-11-30 22:07:37.282 INFO [restartedMain]s.d.s.web.PropertySourcedRequestMappingHandlerMapping.initHandlerMethods:69 -Mapped URL path [/v2/api-docs] onto method [public org.springframework.http.ResponseEntity<springfox.documentation.spring.web.json.Json> springfox.documentation.swagger2.web.Swagger2Controller.getDocumentation(java.lang.String,javax.servlet.http.HttpServletRequest)]
2019-11-30 22:07:37.386 INFO [restartedMain]o.s.scheduling.concurrent.ThreadPoolTaskExecutor.initialize:171 -Initializing ExecutorService 'applicationTaskExecutor'
2019-11-30 22:07:37.436 INFO [restartedMain]o.s.boot.devtools.autoconfigure.OptionalLiveReloadServer.startServer:57 -LiveReload server is running on port 35729
2019-11-30 22:07:37.723 INFO [restartedMain]s.d.spring.web.plugins.DocumentationPluginsBootstrapper.start:160 -Context refreshed
2019-11-30 22:07:37.740 INFO [restartedMain]s.d.spring.web.plugins.DocumentationPluginsBootstrapper.start:163 -Found 1 custom documentation plugin(s)
2019-11-30 22:07:37.795 INFO [restartedMain]s.d.spring.web.scanners.ApiListingReferenceScanner.scan:41 -Scanning for api listing references
2019-11-30 22:07:37.966 INFO [restartedMain]s.d.s.w.readers.operation.CachingOperationNameGenerator.startingWith:40 -Generating unique operation named: addUsingPOST_1
2019-11-30 22:07:37.968 INFO [restartedMain]s.d.s.w.readers.operation.CachingOperationNameGenerator.startingWith:40 -Generating unique operation named: deleteUsingDELETE_1
2019-11-30 22:07:37.971 INFO [restartedMain]s.d.s.w.readers.operation.CachingOperationNameGenerator.startingWith:40 -Generating unique operation named: findAllUsingGET_1
2019-11-30 22:07:37.982 INFO [restartedMain]s.d.s.w.readers.operation.CachingOperationNameGenerator.startingWith:40 -Generating unique operation named: addUsingPOST_2
2019-11-30 22:07:37.984 INFO [restartedMain]s.d.s.w.readers.operation.CachingOperationNameGenerator.startingWith:40 -Generating unique operation named: deleteUsingDELETE_2
2019-11-30 22:07:37.987 INFO [restartedMain]s.d.s.w.readers.operation.CachingOperationNameGenerator.startingWith:40 -Generating unique operation named: findAllUsingGET_2
2019-11-30 22:07:37.997 INFO [restartedMain]s.d.s.w.readers.operation.CachingOperationNameGenerator.startingWith:40 -Generating unique operation named: updateUsingPUT_1
2019-11-30 22:07:38.001 INFO [restartedMain]s.d.s.w.readers.operation.CachingOperationNameGenerator.startingWith:40 -Generating unique operation named: addUsingPOST_3
2019-11-30 22:07:38.003 INFO [restartedMain]s.d.s.w.readers.operation.CachingOperationNameGenerator.startingWith:40 -Generating unique operation named: deleteUsingDELETE_3
2019-11-30 22:07:38.007 INFO [restartedMain]s.d.s.w.readers.operation.CachingOperationNameGenerator.startingWith:40 -Generating unique operation named: findAllUsingGET_3
2019-11-30 22:07:38.010 INFO [restartedMain]s.d.s.w.readers.operation.CachingOperationNameGenerator.startingWith:40 -Generating unique operation named: updateUsingPUT_2
2019-11-30 22:07:38.019 INFO [restartedMain]s.d.s.w.readers.operation.CachingOperationNameGenerator.startingWith:40 -Generating unique operation named: deleteUsingDELETE_4
2019-11-30 22:07:38.046 INFO [restartedMain]org.apache.coyote.http11.Http11NioProtocol.log:173 -Starting ProtocolHandler ["http-nio-8089"]
2019-11-30 22:07:38.084 INFO [restartedMain]o.s.boot.web.embedded.tomcat.TomcatWebServer.start:202 -Tomcat started on port(s): 8089 (http) with context path ''
2019-11-30 22:07:38.088 INFO [restartedMain]com.radebit.smartpi.SmartPiApplication.logStarted:59 -Started SmartPiApplication in 3.68 seconds (JVM running for 4.648)
2019-11-30 22:08:18.816 INFO [http-nio-8089-exec-1]o.a.catalina.core.ContainerBase.[Tomcat].[localhost].[/].log:173 -Initializing Spring DispatcherServlet 'dispatcherServlet'
2019-11-30 22:08:18.816 INFO [http-nio-8089-exec-1]org.springframework.web.servlet.DispatcherServlet.initServletBean:524 -Initializing Servlet 'dispatcherServlet'
2019-11-30 22:08:18.822 INFO [http-nio-8089-exec-1]org.springframework.web.servlet.DispatcherServlet.initServletBean:546 -Completed initialization in 5 ms
2019-11-30 22:08:18.833 INFO [http-nio-8089-exec-1]com.radebit.smartpi.intercepter.AuthorizationInterceptor.preHandle:54 -请求体中携带的token -  
2019-11-30 22:08:25.959 INFO [http-nio-8089-exec-3]com.alibaba.druid.pool.DruidDataSource.init:1003 -{dataSource-1} inited
2019-11-30 22:08:38.195 INFO [http-nio-8089-exec-4]com.radebit.smartpi.intercepter.AuthorizationInterceptor.preHandle:54 -请求体中携带的token - 367574edf99d050ad2fd1ef8fb09db7f 
2019-11-30 22:08:38.198 INFO [http-nio-8089-exec-4]com.radebit.smartpi.intercepter.AuthorizationInterceptor.preHandle:59 -用户登录 - rade
2019-11-30 22:08:38.199 INFO [http-nio-8089-exec-4]com.radebit.smartpi.intercepter.AuthorizationInterceptor.preHandle:64 -token创建时间 - 1575122906201
2019-11-30 22:08:38.199 INFO [http-nio-8089-exec-4]com.radebit.smartpi.intercepter.AuthorizationInterceptor.preHandle:66 -token存在 - 11998 ms
2019-11-30 22:08:38.300 WARN [http-nio-8089-exec-4]o.s.w.s.m.m.annotation.ExceptionHandlerExceptionResolver.logException:198 -Resolved [org.springframework.dao.DataIntegrityViolationException: 
### Error updating database.  Cause: java.sql.SQLIntegrityConstraintViolationException: Column 'device_id' cannot be null
### The error may exist in com/radebit/smartpi/mapper/DeviceSwitchMapper.java (best guess)
### The error may involve com.radebit.smartpi.mapper.DeviceSwitchMapper.add-Inline
### The error occurred while setting parameters
### SQL: INSERT INTO `smartpi`.`device_switch`(`device_id`, `water1`, `water2`, `water3`, `heat`, `fan`, `humidifier`, `red`, `blue`, `green`, `yellow`, `Illumination`, `ultraviolet`) VALUES (?, ?, ?, ?, ?, ?, ?, ?, ?, ?, ?, ?, ?);
### Cause: java.sql.SQLIntegrityConstraintViolationException: Column 'device_id' cannot be null
; Column 'device_id' cannot be null; nested exception is java.sql.SQLIntegrityConstraintViolationException: Column 'device_id' cannot be null]
2019-11-30 22:09:43.474 INFO [Thread-16]o.s.scheduling.concurrent.ThreadPoolTaskExecutor.shutdown:208 -Shutting down ExecutorService 'applicationTaskExecutor'
2019-11-30 22:09:43.498 INFO [Thread-16]com.alibaba.druid.pool.DruidDataSource.close:1965 -{dataSource-1} closing ...
2019-11-30 22:09:43.504 INFO [Thread-16]com.alibaba.druid.pool.DruidDataSource.close:2037 -{dataSource-1} closed
2019-11-30 22:09:47.443 INFO [restartedMain]com.radebit.smartpi.SmartPiApplication.logStarting:50 -Starting SmartPiApplication on RadedeMacBook-Pro.local with PID 1917 (/Users/rade/Documents/JavaEE/SmartPi/target/classes started by rade in /Users/rade/Documents/JavaEE/SmartPi)
2019-11-30 22:09:47.448 INFO [restartedMain]com.radebit.smartpi.SmartPiApplication.logStartupProfileInfo:648 -No active profile set, falling back to default profiles: default
2019-11-30 22:09:47.561 INFO [restartedMain]o.s.b.devtools.env.DevToolsPropertyDefaultsPostProcessor.logTo:225 -Devtools property defaults active! Set 'spring.devtools.add-properties' to 'false' to disable
2019-11-30 22:09:47.562 INFO [restartedMain]o.s.b.devtools.env.DevToolsPropertyDefaultsPostProcessor.logTo:225 -For additional web related logging consider setting the 'logging.level.web' property to 'DEBUG'
2019-11-30 22:09:48.377 INFO [restartedMain]o.s.d.repository.config.RepositoryConfigurationDelegate.multipleStoresDetected:244 -Multiple Spring Data modules found, entering strict repository configuration mode!
2019-11-30 22:09:48.380 INFO [restartedMain]o.s.d.repository.config.RepositoryConfigurationDelegate.registerRepositoriesIn:126 -Bootstrapping Spring Data repositories in DEFAULT mode.
2019-11-30 22:09:48.425 INFO [restartedMain]o.s.d.repository.config.RepositoryConfigurationDelegate.registerRepositoriesIn:182 -Finished Spring Data repository scanning in 27ms. Found 0 repository interfaces.
2019-11-30 22:09:48.803 INFO [restartedMain]o.s.c.s.PostProcessorRegistrationDelegate$BeanPostProcessorChecker.postProcessAfterInitialization:330 -Bean 'org.springframework.transaction.annotation.ProxyTransactionManagementConfiguration' of type [org.springframework.transaction.annotation.ProxyTransactionManagementConfiguration$$EnhancerBySpringCGLIB$$2dd53bb4] is not eligible for getting processed by all BeanPostProcessors (for example: not eligible for auto-proxying)
2019-11-30 22:09:49.088 INFO [restartedMain]o.s.boot.web.embedded.tomcat.TomcatWebServer.initialize:90 -Tomcat initialized with port(s): 8089 (http)
2019-11-30 22:09:49.098 INFO [restartedMain]org.apache.coyote.http11.Http11NioProtocol.log:173 -Initializing ProtocolHandler ["http-nio-8089"]
2019-11-30 22:09:49.106 INFO [restartedMain]org.apache.catalina.core.StandardService.log:173 -Starting service [Tomcat]
2019-11-30 22:09:49.106 INFO [restartedMain]org.apache.catalina.core.StandardEngine.log:173 -Starting Servlet engine: [Apache Tomcat/9.0.24]
2019-11-30 22:09:49.187 INFO [restartedMain]o.a.catalina.core.ContainerBase.[Tomcat].[localhost].[/].log:173 -Initializing Spring embedded WebApplicationContext
2019-11-30 22:09:49.187 INFO [restartedMain]org.springframework.web.context.ContextLoader.prepareWebApplicationContext:284 -Root WebApplicationContext: initialization completed in 1625 ms
2019-11-30 22:09:50.104 INFO [restartedMain]s.d.s.web.PropertySourcedRequestMappingHandlerMapping.initHandlerMethods:69 -Mapped URL path [/v2/api-docs] onto method [public org.springframework.http.ResponseEntity<springfox.documentation.spring.web.json.Json> springfox.documentation.swagger2.web.Swagger2Controller.getDocumentation(java.lang.String,javax.servlet.http.HttpServletRequest)]
2019-11-30 22:09:50.236 INFO [restartedMain]o.s.scheduling.concurrent.ThreadPoolTaskExecutor.initialize:171 -Initializing ExecutorService 'applicationTaskExecutor'
2019-11-30 22:09:50.284 INFO [restartedMain]o.s.boot.devtools.autoconfigure.OptionalLiveReloadServer.startServer:57 -LiveReload server is running on port 35729
2019-11-30 22:09:50.524 INFO [restartedMain]s.d.spring.web.plugins.DocumentationPluginsBootstrapper.start:160 -Context refreshed
2019-11-30 22:09:50.537 INFO [restartedMain]s.d.spring.web.plugins.DocumentationPluginsBootstrapper.start:163 -Found 1 custom documentation plugin(s)
2019-11-30 22:09:50.560 INFO [restartedMain]s.d.spring.web.scanners.ApiListingReferenceScanner.scan:41 -Scanning for api listing references
2019-11-30 22:09:50.672 INFO [restartedMain]s.d.s.w.readers.operation.CachingOperationNameGenerator.startingWith:40 -Generating unique operation named: addUsingPOST_1
2019-11-30 22:09:50.673 INFO [restartedMain]s.d.s.w.readers.operation.CachingOperationNameGenerator.startingWith:40 -Generating unique operation named: deleteUsingDELETE_1
2019-11-30 22:09:50.675 INFO [restartedMain]s.d.s.w.readers.operation.CachingOperationNameGenerator.startingWith:40 -Generating unique operation named: findAllUsingGET_1
2019-11-30 22:09:50.681 INFO [restartedMain]s.d.s.w.readers.operation.CachingOperationNameGenerator.startingWith:40 -Generating unique operation named: addUsingPOST_2
2019-11-30 22:09:50.682 INFO [restartedMain]s.d.s.w.readers.operation.CachingOperationNameGenerator.startingWith:40 -Generating unique operation named: deleteUsingDELETE_2
2019-11-30 22:09:50.684 INFO [restartedMain]s.d.s.w.readers.operation.CachingOperationNameGenerator.startingWith:40 -Generating unique operation named: findAllUsingGET_2
2019-11-30 22:09:50.690 INFO [restartedMain]s.d.s.w.readers.operation.CachingOperationNameGenerator.startingWith:40 -Generating unique operation named: updateUsingPUT_1
2019-11-30 22:09:50.692 INFO [restartedMain]s.d.s.w.readers.operation.CachingOperationNameGenerator.startingWith:40 -Generating unique operation named: addUsingPOST_3
2019-11-30 22:09:50.693 INFO [restartedMain]s.d.s.w.readers.operation.CachingOperationNameGenerator.startingWith:40 -Generating unique operation named: deleteUsingDELETE_3
2019-11-30 22:09:50.695 INFO [restartedMain]s.d.s.w.readers.operation.CachingOperationNameGenerator.startingWith:40 -Generating unique operation named: findAllUsingGET_3
2019-11-30 22:09:50.697 INFO [restartedMain]s.d.s.w.readers.operation.CachingOperationNameGenerator.startingWith:40 -Generating unique operation named: updateUsingPUT_2
2019-11-30 22:09:50.702 INFO [restartedMain]s.d.s.w.readers.operation.CachingOperationNameGenerator.startingWith:40 -Generating unique operation named: deleteUsingDELETE_4
2019-11-30 22:09:50.719 INFO [restartedMain]org.apache.coyote.http11.Http11NioProtocol.log:173 -Starting ProtocolHandler ["http-nio-8089"]
2019-11-30 22:09:50.752 INFO [restartedMain]o.s.boot.web.embedded.tomcat.TomcatWebServer.start:202 -Tomcat started on port(s): 8089 (http) with context path ''
2019-11-30 22:09:50.756 INFO [restartedMain]com.radebit.smartpi.SmartPiApplication.logStarted:59 -Started SmartPiApplication in 3.766 seconds (JVM running for 4.406)
2019-11-30 22:09:53.578 INFO [http-nio-8089-exec-2]o.a.catalina.core.ContainerBase.[Tomcat].[localhost].[/].log:173 -Initializing Spring DispatcherServlet 'dispatcherServlet'
2019-11-30 22:09:53.578 INFO [http-nio-8089-exec-2]org.springframework.web.servlet.DispatcherServlet.initServletBean:524 -Initializing Servlet 'dispatcherServlet'
2019-11-30 22:09:53.584 INFO [http-nio-8089-exec-2]org.springframework.web.servlet.DispatcherServlet.initServletBean:546 -Completed initialization in 6 ms
2019-11-30 22:09:53.596 INFO [http-nio-8089-exec-2]com.radebit.smartpi.intercepter.AuthorizationInterceptor.preHandle:54 -请求体中携带的token - 367574edf99d050ad2fd1ef8fb09db7f 
2019-11-30 22:09:53.608 INFO [http-nio-8089-exec-2]com.radebit.smartpi.intercepter.AuthorizationInterceptor.preHandle:59 -用户登录 - rade
2019-11-30 22:09:53.609 INFO [http-nio-8089-exec-2]com.radebit.smartpi.intercepter.AuthorizationInterceptor.preHandle:64 -token创建时间 - 1575122906201
2019-11-30 22:09:53.610 INFO [http-nio-8089-exec-2]com.radebit.smartpi.intercepter.AuthorizationInterceptor.preHandle:66 -token存在 - 87409 ms
2019-11-30 22:09:53.660 INFO [http-nio-8089-exec-2]com.alibaba.druid.pool.DruidDataSource.init:1003 -{dataSource-1} inited
2019-11-30 22:10:19.970 INFO [http-nio-8089-exec-3]com.radebit.smartpi.intercepter.AuthorizationInterceptor.preHandle:54 -请求体中携带的token - 367574edf99d050ad2fd1ef8fb09db7f 
2019-11-30 22:10:19.972 INFO [http-nio-8089-exec-3]com.radebit.smartpi.intercepter.AuthorizationInterceptor.preHandle:59 -用户登录 - rade
2019-11-30 22:10:19.973 INFO [http-nio-8089-exec-3]com.radebit.smartpi.intercepter.AuthorizationInterceptor.preHandle:64 -token创建时间 - 1575122906201
2019-11-30 22:10:19.973 INFO [http-nio-8089-exec-3]com.radebit.smartpi.intercepter.AuthorizationInterceptor.preHandle:66 -token存在 - 113772 ms
2019-11-30 22:10:19.975 INFO [http-nio-8089-exec-3]com.radebit.smartpi.intercepter.AuthorizationInterceptor.preHandle:71 -重置过期时间成功!
2019-11-30 22:10:20.088 WARN [http-nio-8089-exec-3]o.s.w.s.m.m.annotation.ExceptionHandlerExceptionResolver.logException:198 -Resolved [org.springframework.jdbc.BadSqlGrammarException: 
### Error updating database.  Cause: java.sql.SQLSyntaxErrorException: You have an error in your SQL syntax; check the manual that corresponds to your MySQL server version for the right syntax to use near 'device_switch where device_id = 8' at line 1
### The error may exist in com/radebit/smartpi/mapper/DeviceSwitchMapper.java (best guess)
### The error may involve com.radebit.smartpi.mapper.DeviceSwitchMapper.delete-Inline
### The error occurred while setting parameters
### SQL: delete form device_switch where device_id = ?
### Cause: java.sql.SQLSyntaxErrorException: You have an error in your SQL syntax; check the manual that corresponds to your MySQL server version for the right syntax to use near 'device_switch where device_id = 8' at line 1
; bad SQL grammar []; nested exception is java.sql.SQLSyntaxErrorException: You have an error in your SQL syntax; check the manual that corresponds to your MySQL server version for the right syntax to use near 'device_switch where device_id = 8' at line 1]
2019-11-30 22:14:01.967 INFO [Thread-16]o.s.scheduling.concurrent.ThreadPoolTaskExecutor.shutdown:208 -Shutting down ExecutorService 'applicationTaskExecutor'
2019-11-30 22:14:01.995 INFO [Thread-16]com.alibaba.druid.pool.DruidDataSource.close:1965 -{dataSource-1} closing ...
2019-11-30 22:14:01.998 INFO [Thread-16]com.alibaba.druid.pool.DruidDataSource.close:2037 -{dataSource-1} closed
2019-11-30 22:14:07.612 INFO [restartedMain]com.radebit.smartpi.SmartPiApplication.logStarting:50 -Starting SmartPiApplication on RadedeMacBook-Pro.local with PID 1936 (/Users/rade/Documents/JavaEE/SmartPi/target/classes started by rade in /Users/rade/Documents/JavaEE/SmartPi)
2019-11-30 22:14:07.616 INFO [restartedMain]com.radebit.smartpi.SmartPiApplication.logStartupProfileInfo:648 -No active profile set, falling back to default profiles: default
2019-11-30 22:14:07.782 INFO [restartedMain]o.s.b.devtools.env.DevToolsPropertyDefaultsPostProcessor.logTo:225 -Devtools property defaults active! Set 'spring.devtools.add-properties' to 'false' to disable
2019-11-30 22:14:07.783 INFO [restartedMain]o.s.b.devtools.env.DevToolsPropertyDefaultsPostProcessor.logTo:225 -For additional web related logging consider setting the 'logging.level.web' property to 'DEBUG'
2019-11-30 22:14:08.876 INFO [restartedMain]o.s.d.repository.config.RepositoryConfigurationDelegate.multipleStoresDetected:244 -Multiple Spring Data modules found, entering strict repository configuration mode!
2019-11-30 22:14:08.878 INFO [restartedMain]o.s.d.repository.config.RepositoryConfigurationDelegate.registerRepositoriesIn:126 -Bootstrapping Spring Data repositories in DEFAULT mode.
2019-11-30 22:14:08.906 INFO [restartedMain]o.s.d.repository.config.RepositoryConfigurationDelegate.registerRepositoriesIn:182 -Finished Spring Data repository scanning in 17ms. Found 0 repository interfaces.
2019-11-30 22:14:09.194 INFO [restartedMain]o.s.c.s.PostProcessorRegistrationDelegate$BeanPostProcessorChecker.postProcessAfterInitialization:330 -Bean 'org.springframework.transaction.annotation.ProxyTransactionManagementConfiguration' of type [org.springframework.transaction.annotation.ProxyTransactionManagementConfiguration$$EnhancerBySpringCGLIB$$3b4c09fd] is not eligible for getting processed by all BeanPostProcessors (for example: not eligible for auto-proxying)
2019-11-30 22:14:09.610 INFO [restartedMain]o.s.boot.web.embedded.tomcat.TomcatWebServer.initialize:90 -Tomcat initialized with port(s): 8089 (http)
2019-11-30 22:14:09.628 INFO [restartedMain]org.apache.coyote.http11.Http11NioProtocol.log:173 -Initializing ProtocolHandler ["http-nio-8089"]
2019-11-30 22:14:09.641 INFO [restartedMain]org.apache.catalina.core.StandardService.log:173 -Starting service [Tomcat]
2019-11-30 22:14:09.642 INFO [restartedMain]org.apache.catalina.core.StandardEngine.log:173 -Starting Servlet engine: [Apache Tomcat/9.0.24]
2019-11-30 22:14:09.752 INFO [restartedMain]o.a.catalina.core.ContainerBase.[Tomcat].[localhost].[/].log:173 -Initializing Spring embedded WebApplicationContext
2019-11-30 22:14:09.752 INFO [restartedMain]org.springframework.web.context.ContextLoader.prepareWebApplicationContext:284 -Root WebApplicationContext: initialization completed in 1967 ms
2019-11-30 22:14:10.658 INFO [restartedMain]s.d.s.web.PropertySourcedRequestMappingHandlerMapping.initHandlerMethods:69 -Mapped URL path [/v2/api-docs] onto method [public org.springframework.http.ResponseEntity<springfox.documentation.spring.web.json.Json> springfox.documentation.swagger2.web.Swagger2Controller.getDocumentation(java.lang.String,javax.servlet.http.HttpServletRequest)]
2019-11-30 22:14:10.772 INFO [restartedMain]o.s.scheduling.concurrent.ThreadPoolTaskExecutor.initialize:171 -Initializing ExecutorService 'applicationTaskExecutor'
2019-11-30 22:14:10.821 INFO [restartedMain]o.s.boot.devtools.autoconfigure.OptionalLiveReloadServer.startServer:57 -LiveReload server is running on port 35729
2019-11-30 22:14:11.152 INFO [restartedMain]s.d.spring.web.plugins.DocumentationPluginsBootstrapper.start:160 -Context refreshed
2019-11-30 22:14:11.177 INFO [restartedMain]s.d.spring.web.plugins.DocumentationPluginsBootstrapper.start:163 -Found 1 custom documentation plugin(s)
2019-11-30 22:14:11.215 INFO [restartedMain]s.d.spring.web.scanners.ApiListingReferenceScanner.scan:41 -Scanning for api listing references
2019-11-30 22:14:11.435 INFO [restartedMain]s.d.s.w.readers.operation.CachingOperationNameGenerator.startingWith:40 -Generating unique operation named: addUsingPOST_1
2019-11-30 22:14:11.438 INFO [restartedMain]s.d.s.w.readers.operation.CachingOperationNameGenerator.startingWith:40 -Generating unique operation named: deleteUsingDELETE_1
2019-11-30 22:14:11.441 INFO [restartedMain]s.d.s.w.readers.operation.CachingOperationNameGenerator.startingWith:40 -Generating unique operation named: findAllUsingGET_1
2019-11-30 22:14:11.451 INFO [restartedMain]s.d.s.w.readers.operation.CachingOperationNameGenerator.startingWith:40 -Generating unique operation named: findAllUsingGET_2
2019-11-30 22:14:11.461 INFO [restartedMain]s.d.s.w.readers.operation.CachingOperationNameGenerator.startingWith:40 -Generating unique operation named: updateUsingPUT_1
2019-11-30 22:14:11.465 INFO [restartedMain]s.d.s.w.readers.operation.CachingOperationNameGenerator.startingWith:40 -Generating unique operation named: addUsingPOST_2
2019-11-30 22:14:11.467 INFO [restartedMain]s.d.s.w.readers.operation.CachingOperationNameGenerator.startingWith:40 -Generating unique operation named: deleteUsingDELETE_2
2019-11-30 22:14:11.470 INFO [restartedMain]s.d.s.w.readers.operation.CachingOperationNameGenerator.startingWith:40 -Generating unique operation named: findAllUsingGET_3
2019-11-30 22:14:11.472 INFO [restartedMain]s.d.s.w.readers.operation.CachingOperationNameGenerator.startingWith:40 -Generating unique operation named: updateUsingPUT_2
2019-11-30 22:14:11.481 INFO [restartedMain]s.d.s.w.readers.operation.CachingOperationNameGenerator.startingWith:40 -Generating unique operation named: deleteUsingDELETE_3
2019-11-30 22:14:11.506 INFO [restartedMain]org.apache.coyote.http11.Http11NioProtocol.log:173 -Starting ProtocolHandler ["http-nio-8089"]
2019-11-30 22:14:11.551 INFO [restartedMain]o.s.boot.web.embedded.tomcat.TomcatWebServer.start:202 -Tomcat started on port(s): 8089 (http) with context path ''
2019-11-30 22:14:11.556 INFO [restartedMain]com.radebit.smartpi.SmartPiApplication.logStarted:59 -Started SmartPiApplication in 4.685 seconds (JVM running for 5.517)
2019-11-30 22:14:35.449 INFO [http-nio-8089-exec-1]o.a.catalina.core.ContainerBase.[Tomcat].[localhost].[/].log:173 -Initializing Spring DispatcherServlet 'dispatcherServlet'
2019-11-30 22:14:35.450 INFO [http-nio-8089-exec-1]org.springframework.web.servlet.DispatcherServlet.initServletBean:524 -Initializing Servlet 'dispatcherServlet'
2019-11-30 22:14:35.458 INFO [http-nio-8089-exec-1]org.springframework.web.servlet.DispatcherServlet.initServletBean:546 -Completed initialization in 8 ms
2019-11-30 22:14:35.472 INFO [http-nio-8089-exec-1]com.radebit.smartpi.intercepter.AuthorizationInterceptor.preHandle:54 -请求体中携带的token - 367574edf99d050ad2fd1ef8fb09db7f 
2019-11-30 22:14:35.487 INFO [http-nio-8089-exec-1]com.radebit.smartpi.intercepter.AuthorizationInterceptor.preHandle:59 -用户登录 - rade
2019-11-30 22:14:35.488 INFO [http-nio-8089-exec-1]com.radebit.smartpi.intercepter.AuthorizationInterceptor.preHandle:64 -token创建时间 - 1575123019976
2019-11-30 22:14:35.489 INFO [http-nio-8089-exec-1]com.radebit.smartpi.intercepter.AuthorizationInterceptor.preHandle:66 -token存在 - 255513 ms
2019-11-30 22:14:35.491 INFO [http-nio-8089-exec-1]com.radebit.smartpi.intercepter.AuthorizationInterceptor.preHandle:71 -重置过期时间成功!
2019-11-30 22:14:35.556 INFO [http-nio-8089-exec-1]com.alibaba.druid.pool.DruidDataSource.init:1003 -{dataSource-1} inited
2019-11-30 22:14:42.799 INFO [http-nio-8089-exec-3]com.radebit.smartpi.intercepter.AuthorizationInterceptor.preHandle:54 -请求体中携带的token - 367574edf99d050ad2fd1ef8fb09db7f 
2019-11-30 22:14:42.801 INFO [http-nio-8089-exec-3]com.radebit.smartpi.intercepter.AuthorizationInterceptor.preHandle:59 -用户登录 - rade
2019-11-30 22:14:42.802 INFO [http-nio-8089-exec-3]com.radebit.smartpi.intercepter.AuthorizationInterceptor.preHandle:64 -token创建时间 - 1575123275492
2019-11-30 22:14:42.802 INFO [http-nio-8089-exec-3]com.radebit.smartpi.intercepter.AuthorizationInterceptor.preHandle:66 -token存在 - 7310 ms
2019-11-30 22:14:53.913 INFO [http-nio-8089-exec-4]com.radebit.smartpi.intercepter.AuthorizationInterceptor.preHandle:54 -请求体中携带的token - 367574edf99d050ad2fd1ef8fb09db7f 
2019-11-30 22:14:53.920 INFO [http-nio-8089-exec-4]com.radebit.smartpi.intercepter.AuthorizationInterceptor.preHandle:59 -用户登录 - rade
2019-11-30 22:14:53.927 INFO [http-nio-8089-exec-4]com.radebit.smartpi.intercepter.AuthorizationInterceptor.preHandle:64 -token创建时间 - 1575123275492
2019-11-30 22:14:53.928 INFO [http-nio-8089-exec-4]com.radebit.smartpi.intercepter.AuthorizationInterceptor.preHandle:66 -token存在 - 18436 ms
2019-11-30 22:15:02.072 INFO [http-nio-8089-exec-5]com.radebit.smartpi.intercepter.AuthorizationInterceptor.preHandle:54 -请求体中携带的token - 367574edf99d050ad2fd1ef8fb09db7f 
2019-11-30 22:15:02.075 INFO [http-nio-8089-exec-5]com.radebit.smartpi.intercepter.AuthorizationInterceptor.preHandle:59 -用户登录 - rade
2019-11-30 22:15:02.076 INFO [http-nio-8089-exec-5]com.radebit.smartpi.intercepter.AuthorizationInterceptor.preHandle:64 -token创建时间 - 1575123275492
2019-11-30 22:15:02.076 INFO [http-nio-8089-exec-5]com.radebit.smartpi.intercepter.AuthorizationInterceptor.preHandle:66 -token存在 - 26584 ms
2019-11-30 22:15:03.195 INFO [http-nio-8089-exec-6]com.radebit.smartpi.intercepter.AuthorizationInterceptor.preHandle:54 -请求体中携带的token - 367574edf99d050ad2fd1ef8fb09db7f 
2019-11-30 22:15:03.198 INFO [http-nio-8089-exec-6]com.radebit.smartpi.intercepter.AuthorizationInterceptor.preHandle:59 -用户登录 - rade
2019-11-30 22:15:03.199 INFO [http-nio-8089-exec-6]com.radebit.smartpi.intercepter.AuthorizationInterceptor.preHandle:64 -token创建时间 - 1575123275492
2019-11-30 22:15:03.199 INFO [http-nio-8089-exec-6]com.radebit.smartpi.intercepter.AuthorizationInterceptor.preHandle:66 -token存在 - 27707 ms
2019-11-30 22:15:58.545 INFO [Thread-13]o.s.scheduling.concurrent.ThreadPoolTaskExecutor.shutdown:208 -Shutting down ExecutorService 'applicationTaskExecutor'
2019-11-30 22:15:58.561 INFO [Thread-13]com.alibaba.druid.pool.DruidDataSource.close:1965 -{dataSource-1} closing ...
2019-11-30 22:15:58.566 INFO [Thread-13]com.alibaba.druid.pool.DruidDataSource.close:2037 -{dataSource-1} closed
2019-11-30 22:15:58.735 INFO [restartedMain]com.radebit.smartpi.SmartPiApplication.logStarting:50 -Starting SmartPiApplication on RadedeMacBook-Pro.local with PID 1936 (/Users/rade/Documents/JavaEE/SmartPi/target/classes started by rade in /Users/rade/Documents/JavaEE/SmartPi)
2019-11-30 22:15:58.735 INFO [restartedMain]com.radebit.smartpi.SmartPiApplication.logStartupProfileInfo:648 -No active profile set, falling back to default profiles: default
2019-11-30 22:15:58.892 INFO [restartedMain]o.s.d.repository.config.RepositoryConfigurationDelegate.multipleStoresDetected:244 -Multiple Spring Data modules found, entering strict repository configuration mode!
2019-11-30 22:15:58.892 INFO [restartedMain]o.s.d.repository.config.RepositoryConfigurationDelegate.registerRepositoriesIn:126 -Bootstrapping Spring Data repositories in DEFAULT mode.
2019-11-30 22:15:58.896 INFO [restartedMain]o.s.d.repository.config.RepositoryConfigurationDelegate.registerRepositoriesIn:182 -Finished Spring Data repository scanning in 3ms. Found 0 repository interfaces.
2019-11-30 22:15:58.934 INFO [restartedMain]o.s.c.s.PostProcessorRegistrationDelegate$BeanPostProcessorChecker.postProcessAfterInitialization:330 -Bean 'org.springframework.transaction.annotation.ProxyTransactionManagementConfiguration' of type [org.springframework.transaction.annotation.ProxyTransactionManagementConfiguration$$EnhancerBySpringCGLIB$$3b4c09fd] is not eligible for getting processed by all BeanPostProcessors (for example: not eligible for auto-proxying)
2019-11-30 22:15:58.982 INFO [restartedMain]o.s.boot.web.embedded.tomcat.TomcatWebServer.initialize:90 -Tomcat initialized with port(s): 8089 (http)
2019-11-30 22:15:58.982 INFO [restartedMain]org.apache.coyote.http11.Http11NioProtocol.log:173 -Initializing ProtocolHandler ["http-nio-8089"]
2019-11-30 22:15:58.983 INFO [restartedMain]org.apache.catalina.core.StandardService.log:173 -Starting service [Tomcat]
2019-11-30 22:15:58.983 INFO [restartedMain]org.apache.catalina.core.StandardEngine.log:173 -Starting Servlet engine: [Apache Tomcat/9.0.24]
2019-11-30 22:15:58.990 INFO [restartedMain]o.a.catalina.core.ContainerBase.[Tomcat].[localhost].[/].log:173 -Initializing Spring embedded WebApplicationContext
2019-11-30 22:15:58.991 INFO [restartedMain]org.springframework.web.context.ContextLoader.prepareWebApplicationContext:284 -Root WebApplicationContext: initialization completed in 254 ms
2019-11-30 22:15:59.003 WARN [restartedMain]o.s.b.w.s.c.AnnotationConfigServletWebServerApplicationContext.refresh:557 -Exception encountered during context initialization - cancelling refresh attempt: org.springframework.beans.factory.BeanCreationException: Error creating bean with name 'deviceSwitchController': Lookup method resolution failed; nested exception is java.lang.IllegalStateException: Failed to introspect Class [com.radebit.smartpi.controller.DeviceSwitchController] from ClassLoader [org.springframework.boot.devtools.restart.classloader.RestartClassLoader@58055b11]
2019-11-30 22:15:59.004 INFO [restartedMain]org.apache.catalina.core.StandardService.log:173 -Stopping service [Tomcat]
2019-11-30 22:15:59.010 INFO [restartedMain]o.s.b.a.logging.ConditionEvaluationReportLoggingListener.logMessage:136 -

Error starting ApplicationContext. To display the conditions report re-run your application with 'debug' enabled.
2019-11-30 22:16:00.508 INFO [restartedMain]com.radebit.smartpi.SmartPiApplication.logStarting:50 -Starting SmartPiApplication on RadedeMacBook-Pro.local with PID 1936 (/Users/rade/Documents/JavaEE/SmartPi/target/classes started by rade in /Users/rade/Documents/JavaEE/SmartPi)
2019-11-30 22:16:00.510 INFO [restartedMain]com.radebit.smartpi.SmartPiApplication.logStartupProfileInfo:648 -No active profile set, falling back to default profiles: default
2019-11-30 22:16:00.882 INFO [restartedMain]o.s.d.repository.config.RepositoryConfigurationDelegate.multipleStoresDetected:244 -Multiple Spring Data modules found, entering strict repository configuration mode!
2019-11-30 22:16:00.882 INFO [restartedMain]o.s.d.repository.config.RepositoryConfigurationDelegate.registerRepositoriesIn:126 -Bootstrapping Spring Data repositories in DEFAULT mode.
2019-11-30 22:16:00.891 INFO [restartedMain]o.s.d.repository.config.RepositoryConfigurationDelegate.registerRepositoriesIn:182 -Finished Spring Data repository scanning in 9ms. Found 0 repository interfaces.
2019-11-30 22:16:00.953 INFO [restartedMain]o.s.c.s.PostProcessorRegistrationDelegate$BeanPostProcessorChecker.postProcessAfterInitialization:330 -Bean 'org.springframework.transaction.annotation.ProxyTransactionManagementConfiguration' of type [org.springframework.transaction.annotation.ProxyTransactionManagementConfiguration$$EnhancerBySpringCGLIB$$3b4c09fd] is not eligible for getting processed by all BeanPostProcessors (for example: not eligible for auto-proxying)
2019-11-30 22:16:01.029 INFO [restartedMain]o.s.boot.web.embedded.tomcat.TomcatWebServer.initialize:90 -Tomcat initialized with port(s): 8089 (http)
2019-11-30 22:16:01.030 INFO [restartedMain]org.apache.coyote.http11.Http11NioProtocol.log:173 -Initializing ProtocolHandler ["http-nio-8089"]
2019-11-30 22:16:01.031 INFO [restartedMain]org.apache.catalina.core.StandardService.log:173 -Starting service [Tomcat]
2019-11-30 22:16:01.031 INFO [restartedMain]org.apache.catalina.core.StandardEngine.log:173 -Starting Servlet engine: [Apache Tomcat/9.0.24]
2019-11-30 22:16:01.039 INFO [restartedMain]o.a.c.core.ContainerBase.[Tomcat-1].[localhost].[/].log:173 -Initializing Spring embedded WebApplicationContext
2019-11-30 22:16:01.040 INFO [restartedMain]org.springframework.web.context.ContextLoader.prepareWebApplicationContext:284 -Root WebApplicationContext: initialization completed in 525 ms
2019-11-30 22:16:01.320 INFO [restartedMain]s.d.s.web.PropertySourcedRequestMappingHandlerMapping.initHandlerMethods:69 -Mapped URL path [/v2/api-docs] onto method [public org.springframework.http.ResponseEntity<springfox.documentation.spring.web.json.Json> springfox.documentation.swagger2.web.Swagger2Controller.getDocumentation(java.lang.String,javax.servlet.http.HttpServletRequest)]
2019-11-30 22:16:01.391 INFO [restartedMain]o.s.scheduling.concurrent.ThreadPoolTaskExecutor.initialize:171 -Initializing ExecutorService 'applicationTaskExecutor'
2019-11-30 22:16:01.403 INFO [restartedMain]o.s.boot.devtools.autoconfigure.OptionalLiveReloadServer.startServer:57 -LiveReload server is running on port 35729
2019-11-30 22:16:01.521 INFO [restartedMain]s.d.spring.web.plugins.DocumentationPluginsBootstrapper.start:160 -Context refreshed
2019-11-30 22:16:01.522 INFO [restartedMain]s.d.spring.web.plugins.DocumentationPluginsBootstrapper.start:163 -Found 1 custom documentation plugin(s)
2019-11-30 22:16:01.526 INFO [restartedMain]s.d.spring.web.scanners.ApiListingReferenceScanner.scan:41 -Scanning for api listing references
2019-11-30 22:16:01.551 INFO [restartedMain]s.d.s.w.readers.operation.CachingOperationNameGenerator.startingWith:40 -Generating unique operation named: addUsingPOST_1
2019-11-30 22:16:01.553 INFO [restartedMain]s.d.s.w.readers.operation.CachingOperationNameGenerator.startingWith:40 -Generating unique operation named: deleteUsingDELETE_1
2019-11-30 22:16:01.554 INFO [restartedMain]s.d.s.w.readers.operation.CachingOperationNameGenerator.startingWith:40 -Generating unique operation named: findAllUsingGET_1
2019-11-30 22:16:01.559 INFO [restartedMain]s.d.s.w.readers.operation.CachingOperationNameGenerator.startingWith:40 -Generating unique operation named: findAllUsingGET_2
2019-11-30 22:16:01.563 INFO [restartedMain]s.d.s.w.readers.operation.CachingOperationNameGenerator.startingWith:40 -Generating unique operation named: updateUsingPUT_1
2019-11-30 22:16:01.566 INFO [restartedMain]s.d.s.w.readers.operation.CachingOperationNameGenerator.startingWith:40 -Generating unique operation named: addUsingPOST_2
2019-11-30 22:16:01.567 INFO [restartedMain]s.d.s.w.readers.operation.CachingOperationNameGenerator.startingWith:40 -Generating unique operation named: deleteUsingDELETE_2
2019-11-30 22:16:01.569 INFO [restartedMain]s.d.s.w.readers.operation.CachingOperationNameGenerator.startingWith:40 -Generating unique operation named: findAllUsingGET_3
2019-11-30 22:16:01.570 INFO [restartedMain]s.d.s.w.readers.operation.CachingOperationNameGenerator.startingWith:40 -Generating unique operation named: updateUsingPUT_2
2019-11-30 22:16:01.576 INFO [restartedMain]s.d.s.w.readers.operation.CachingOperationNameGenerator.startingWith:40 -Generating unique operation named: deleteUsingDELETE_3
2019-11-30 22:16:01.585 INFO [restartedMain]org.apache.coyote.http11.Http11NioProtocol.log:173 -Starting ProtocolHandler ["http-nio-8089"]
2019-11-30 22:16:01.588 INFO [restartedMain]o.s.boot.web.embedded.tomcat.TomcatWebServer.start:202 -Tomcat started on port(s): 8089 (http) with context path ''
2019-11-30 22:16:01.589 INFO [restartedMain]com.radebit.smartpi.SmartPiApplication.logStarted:59 -Started SmartPiApplication in 1.143 seconds (JVM running for 115.549)
2019-11-30 22:16:01.594 INFO [restartedMain]o.s.b.d.a.ConditionEvaluationDeltaLoggingListener.onApplicationEvent:63 -Condition evaluation unchanged
2019-11-30 22:16:08.048 INFO [Thread-31]o.s.scheduling.concurrent.ThreadPoolTaskExecutor.shutdown:208 -Shutting down ExecutorService 'applicationTaskExecutor'
2019-11-30 22:16:08.053 INFO [Thread-31]com.alibaba.druid.pool.DruidDataSource.close:1965 -{dataSource-0} closing ...
