2020-03-10 15:17:32.652 INFO [restartedMain]com.radebit.smartpi.SmartPiApplication.logStarting:50 -Starting SmartPiApplication on RadedeMacBook-Pro.local with PID 4180 (/Users/rade/Documents/Java/SmartPi/target/classes started by rade in /Users/rade/Documents/Java/SmartPi)
2020-03-10 15:17:32.655 INFO [restartedMain]com.radebit.smartpi.SmartPiApplication.logStartupProfileInfo:648 -No active profile set, falling back to default profiles: default
2020-03-10 15:17:32.694 INFO [restartedMain]o.s.b.devtools.env.DevToolsPropertyDefaultsPostProcessor.logTo:225 -Devtools property defaults active! Set 'spring.devtools.add-properties' to 'false' to disable
2020-03-10 15:17:32.694 INFO [restartedMain]o.s.b.devtools.env.DevToolsPropertyDefaultsPostProcessor.logTo:225 -For additional web related logging consider setting the 'logging.level.web' property to 'DEBUG'
2020-03-10 15:17:33.556 INFO [restartedMain]o.s.d.repository.config.RepositoryConfigurationDelegate.multipleStoresDetected:244 -Multiple Spring Data modules found, entering strict repository configuration mode!
2020-03-10 15:17:33.560 INFO [restartedMain]o.s.d.repository.config.RepositoryConfigurationDelegate.registerRepositoriesIn:126 -Bootstrapping Spring Data repositories in DEFAULT mode.
2020-03-10 15:17:33.599 INFO [restartedMain]o.s.d.repository.config.RepositoryConfigurationDelegate.registerRepositoriesIn:182 -Finished Spring Data repository scanning in 19ms. Found 0 repository interfaces.
2020-03-10 15:17:33.913 INFO [restartedMain]o.s.c.s.PostProcessorRegistrationDelegate$BeanPostProcessorChecker.postProcessAfterInitialization:330 -Bean 'org.springframework.transaction.annotation.ProxyTransactionManagementConfiguration' of type [org.springframework.transaction.annotation.ProxyTransactionManagementConfiguration$$EnhancerBySpringCGLIB$$5186238d] is not eligible for getting processed by all BeanPostProcessors (for example: not eligible for auto-proxying)
2020-03-10 15:17:34.239 INFO [restartedMain]o.s.boot.web.embedded.tomcat.TomcatWebServer.initialize:90 -Tomcat initialized with port(s): 8089 (http)
2020-03-10 15:17:34.254 INFO [restartedMain]org.apache.coyote.http11.Http11NioProtocol.log:173 -Initializing ProtocolHandler ["http-nio-8089"]
2020-03-10 15:17:34.264 INFO [restartedMain]org.apache.catalina.core.StandardService.log:173 -Starting service [Tomcat]
2020-03-10 15:17:34.264 INFO [restartedMain]org.apache.catalina.core.StandardEngine.log:173 -Starting Servlet engine: [Apache Tomcat/9.0.24]
2020-03-10 15:17:34.339 INFO [restartedMain]o.a.catalina.core.ContainerBase.[Tomcat].[localhost].[/].log:173 -Initializing Spring embedded WebApplicationContext
2020-03-10 15:17:34.339 INFO [restartedMain]org.springframework.web.context.ContextLoader.prepareWebApplicationContext:284 -Root WebApplicationContext: initialization completed in 1645 ms
2020-03-10 15:17:35.345 INFO [restartedMain]s.d.s.web.PropertySourcedRequestMappingHandlerMapping.initHandlerMethods:69 -Mapped URL path [/v2/api-docs] onto method [public org.springframework.http.ResponseEntity<springfox.documentation.spring.web.json.Json> springfox.documentation.swagger2.web.Swagger2Controller.getDocumentation(java.lang.String,javax.servlet.http.HttpServletRequest)]
2020-03-10 15:17:35.479 INFO [restartedMain]o.s.scheduling.concurrent.ThreadPoolTaskExecutor.initialize:171 -Initializing ExecutorService 'applicationTaskExecutor'
2020-03-10 15:17:35.524 INFO [restartedMain]o.s.boot.devtools.autoconfigure.OptionalLiveReloadServer.startServer:57 -LiveReload server is running on port 35729
2020-03-10 15:17:35.826 INFO [restartedMain]s.d.spring.web.plugins.DocumentationPluginsBootstrapper.start:160 -Context refreshed
2020-03-10 15:17:35.851 INFO [restartedMain]s.d.spring.web.plugins.DocumentationPluginsBootstrapper.start:163 -Found 1 custom documentation plugin(s)
2020-03-10 15:17:35.889 INFO [restartedMain]s.d.spring.web.scanners.ApiListingReferenceScanner.scan:41 -Scanning for api listing references
2020-03-10 15:17:36.019 INFO [restartedMain]s.d.s.w.readers.operation.CachingOperationNameGenerator.startingWith:40 -Generating unique operation named: addUsingPOST_1
2020-03-10 15:17:36.021 INFO [restartedMain]s.d.s.w.readers.operation.CachingOperationNameGenerator.startingWith:40 -Generating unique operation named: deleteUsingDELETE_1
2020-03-10 15:17:36.025 INFO [restartedMain]s.d.s.w.readers.operation.CachingOperationNameGenerator.startingWith:40 -Generating unique operation named: updateUsingPUT_1
2020-03-10 15:17:36.033 INFO [restartedMain]s.d.s.w.readers.operation.CachingOperationNameGenerator.startingWith:40 -Generating unique operation named: addUsingPOST_2
2020-03-10 15:17:36.036 INFO [restartedMain]s.d.s.w.readers.operation.CachingOperationNameGenerator.startingWith:40 -Generating unique operation named: deleteUsingDELETE_2
2020-03-10 15:17:36.039 INFO [restartedMain]s.d.s.w.readers.operation.CachingOperationNameGenerator.startingWith:40 -Generating unique operation named: listUsingGET_1
2020-03-10 15:17:36.041 INFO [restartedMain]s.d.s.w.readers.operation.CachingOperationNameGenerator.startingWith:40 -Generating unique operation named: updateUsingPUT_2
2020-03-10 15:17:36.045 INFO [restartedMain]s.d.s.w.readers.operation.CachingOperationNameGenerator.startingWith:40 -Generating unique operation named: addUsingPOST_3
2020-03-10 15:17:36.047 INFO [restartedMain]s.d.s.w.readers.operation.CachingOperationNameGenerator.startingWith:40 -Generating unique operation named: deleteUsingDELETE_3
2020-03-10 15:17:36.061 INFO [restartedMain]s.d.s.w.readers.operation.CachingOperationNameGenerator.startingWith:40 -Generating unique operation named: updateUsingPUT_3
2020-03-10 15:17:36.068 INFO [restartedMain]s.d.s.w.readers.operation.CachingOperationNameGenerator.startingWith:40 -Generating unique operation named: addUsingPOST_4
2020-03-10 15:17:36.070 INFO [restartedMain]s.d.s.w.readers.operation.CachingOperationNameGenerator.startingWith:40 -Generating unique operation named: deleteUsingDELETE_4
2020-03-10 15:17:36.072 INFO [restartedMain]s.d.s.w.readers.operation.CachingOperationNameGenerator.startingWith:40 -Generating unique operation named: findAllUsingGET_1
2020-03-10 15:17:36.078 INFO [restartedMain]s.d.s.w.readers.operation.CachingOperationNameGenerator.startingWith:40 -Generating unique operation named: findAllUsingGET_2
2020-03-10 15:17:36.084 INFO [restartedMain]s.d.s.w.readers.operation.CachingOperationNameGenerator.startingWith:40 -Generating unique operation named: updateUsingPUT_4
2020-03-10 15:17:36.087 INFO [restartedMain]s.d.s.w.readers.operation.CachingOperationNameGenerator.startingWith:40 -Generating unique operation named: addUsingPOST_5
2020-03-10 15:17:36.089 INFO [restartedMain]s.d.s.w.readers.operation.CachingOperationNameGenerator.startingWith:40 -Generating unique operation named: deleteUsingDELETE_5
2020-03-10 15:17:36.090 INFO [restartedMain]s.d.s.w.readers.operation.CachingOperationNameGenerator.startingWith:40 -Generating unique operation named: findAllUsingGET_3
2020-03-10 15:17:36.093 INFO [restartedMain]s.d.s.w.readers.operation.CachingOperationNameGenerator.startingWith:40 -Generating unique operation named: findByIdUsingGET_1
2020-03-10 15:17:36.100 INFO [restartedMain]s.d.s.w.readers.operation.CachingOperationNameGenerator.startingWith:40 -Generating unique operation named: addUsingPOST_6
2020-03-10 15:17:36.102 INFO [restartedMain]s.d.s.w.readers.operation.CachingOperationNameGenerator.startingWith:40 -Generating unique operation named: deleteUsingDELETE_6
2020-03-10 15:17:36.105 INFO [restartedMain]s.d.s.w.readers.operation.CachingOperationNameGenerator.startingWith:40 -Generating unique operation named: findAllUsingGET_4
2020-03-10 15:17:36.107 INFO [restartedMain]s.d.s.w.readers.operation.CachingOperationNameGenerator.startingWith:40 -Generating unique operation named: updateUsingPUT_5
2020-03-10 15:17:36.113 INFO [restartedMain]s.d.s.w.readers.operation.CachingOperationNameGenerator.startingWith:40 -Generating unique operation named: deleteUsingDELETE_7
2020-03-10 15:17:36.136 INFO [restartedMain]org.apache.coyote.http11.Http11NioProtocol.log:173 -Starting ProtocolHandler ["http-nio-8089"]
2020-03-10 15:17:36.184 INFO [restartedMain]o.s.boot.web.embedded.tomcat.TomcatWebServer.start:202 -Tomcat started on port(s): 8089 (http) with context path ''
2020-03-10 15:17:36.188 INFO [restartedMain]com.radebit.smartpi.SmartPiApplication.logStarted:59 -Started SmartPiApplication in 4.03 seconds (JVM running for 4.94)
2020-03-10 15:20:15.995 INFO [Thread-16]o.s.scheduling.concurrent.ThreadPoolTaskExecutor.shutdown:208 -Shutting down ExecutorService 'applicationTaskExecutor'
2020-03-10 15:20:16.022 INFO [Thread-16]com.alibaba.druid.pool.DruidDataSource.close:1965 -{dataSource-0} closing ...
2020-03-10 15:20:20.401 INFO [restartedMain]com.radebit.smartpi.SmartPiApplication.logStarting:50 -Starting SmartPiApplication on RadedeMacBook-Pro.local with PID 4236 (/Users/rade/Documents/Java/SmartPi/target/classes started by rade in /Users/rade/Documents/Java/SmartPi)
2020-03-10 15:20:20.405 INFO [restartedMain]com.radebit.smartpi.SmartPiApplication.logStartupProfileInfo:648 -No active profile set, falling back to default profiles: default
2020-03-10 15:20:20.507 INFO [restartedMain]o.s.b.devtools.env.DevToolsPropertyDefaultsPostProcessor.logTo:225 -Devtools property defaults active! Set 'spring.devtools.add-properties' to 'false' to disable
2020-03-10 15:20:20.507 INFO [restartedMain]o.s.b.devtools.env.DevToolsPropertyDefaultsPostProcessor.logTo:225 -For additional web related logging consider setting the 'logging.level.web' property to 'DEBUG'
2020-03-10 15:20:21.478 INFO [restartedMain]o.s.d.repository.config.RepositoryConfigurationDelegate.multipleStoresDetected:244 -Multiple Spring Data modules found, entering strict repository configuration mode!
2020-03-10 15:20:21.480 INFO [restartedMain]o.s.d.repository.config.RepositoryConfigurationDelegate.registerRepositoriesIn:126 -Bootstrapping Spring Data repositories in DEFAULT mode.
2020-03-10 15:20:21.515 INFO [restartedMain]o.s.d.repository.config.RepositoryConfigurationDelegate.registerRepositoriesIn:182 -Finished Spring Data repository scanning in 23ms. Found 0 repository interfaces.
2020-03-10 15:20:21.883 INFO [restartedMain]o.s.c.s.PostProcessorRegistrationDelegate$BeanPostProcessorChecker.postProcessAfterInitialization:330 -Bean 'org.springframework.transaction.annotation.ProxyTransactionManagementConfiguration' of type [org.springframework.transaction.annotation.ProxyTransactionManagementConfiguration$$EnhancerBySpringCGLIB$$703627bc] is not eligible for getting processed by all BeanPostProcessors (for example: not eligible for auto-proxying)
2020-03-10 15:20:22.125 INFO [restartedMain]o.s.boot.web.embedded.tomcat.TomcatWebServer.initialize:90 -Tomcat initialized with port(s): 8089 (http)
2020-03-10 15:20:22.134 INFO [restartedMain]org.apache.coyote.http11.Http11NioProtocol.log:173 -Initializing ProtocolHandler ["http-nio-8089"]
2020-03-10 15:20:22.141 INFO [restartedMain]org.apache.catalina.core.StandardService.log:173 -Starting service [Tomcat]
2020-03-10 15:20:22.141 INFO [restartedMain]org.apache.catalina.core.StandardEngine.log:173 -Starting Servlet engine: [Apache Tomcat/9.0.24]
2020-03-10 15:20:22.210 INFO [restartedMain]o.a.catalina.core.ContainerBase.[Tomcat].[localhost].[/].log:173 -Initializing Spring embedded WebApplicationContext
2020-03-10 15:20:22.210 INFO [restartedMain]org.springframework.web.context.ContextLoader.prepareWebApplicationContext:284 -Root WebApplicationContext: initialization completed in 1702 ms
2020-03-10 15:20:23.220 INFO [restartedMain]s.d.s.web.PropertySourcedRequestMappingHandlerMapping.initHandlerMethods:69 -Mapped URL path [/v2/api-docs] onto method [public org.springframework.http.ResponseEntity<springfox.documentation.spring.web.json.Json> springfox.documentation.swagger2.web.Swagger2Controller.getDocumentation(java.lang.String,javax.servlet.http.HttpServletRequest)]
2020-03-10 15:20:23.349 INFO [restartedMain]o.s.scheduling.concurrent.ThreadPoolTaskExecutor.initialize:171 -Initializing ExecutorService 'applicationTaskExecutor'
2020-03-10 15:20:23.394 INFO [restartedMain]o.s.boot.devtools.autoconfigure.OptionalLiveReloadServer.startServer:57 -LiveReload server is running on port 35729
2020-03-10 15:20:23.699 INFO [restartedMain]s.d.spring.web.plugins.DocumentationPluginsBootstrapper.start:160 -Context refreshed
2020-03-10 15:20:23.718 INFO [restartedMain]s.d.spring.web.plugins.DocumentationPluginsBootstrapper.start:163 -Found 1 custom documentation plugin(s)
2020-03-10 15:20:23.755 INFO [restartedMain]s.d.spring.web.scanners.ApiListingReferenceScanner.scan:41 -Scanning for api listing references
2020-03-10 15:20:23.897 INFO [restartedMain]s.d.s.w.readers.operation.CachingOperationNameGenerator.startingWith:40 -Generating unique operation named: addUsingPOST_1
2020-03-10 15:20:23.899 INFO [restartedMain]s.d.s.w.readers.operation.CachingOperationNameGenerator.startingWith:40 -Generating unique operation named: deleteUsingDELETE_1
2020-03-10 15:20:23.904 INFO [restartedMain]s.d.s.w.readers.operation.CachingOperationNameGenerator.startingWith:40 -Generating unique operation named: updateUsingPUT_1
2020-03-10 15:20:23.914 INFO [restartedMain]s.d.s.w.readers.operation.CachingOperationNameGenerator.startingWith:40 -Generating unique operation named: addUsingPOST_2
2020-03-10 15:20:23.917 INFO [restartedMain]s.d.s.w.readers.operation.CachingOperationNameGenerator.startingWith:40 -Generating unique operation named: deleteUsingDELETE_2
2020-03-10 15:20:23.922 INFO [restartedMain]s.d.s.w.readers.operation.CachingOperationNameGenerator.startingWith:40 -Generating unique operation named: listUsingGET_1
2020-03-10 15:20:23.924 INFO [restartedMain]s.d.s.w.readers.operation.CachingOperationNameGenerator.startingWith:40 -Generating unique operation named: updateUsingPUT_2
2020-03-10 15:20:23.928 INFO [restartedMain]s.d.s.w.readers.operation.CachingOperationNameGenerator.startingWith:40 -Generating unique operation named: addUsingPOST_3
2020-03-10 15:20:23.930 INFO [restartedMain]s.d.s.w.readers.operation.CachingOperationNameGenerator.startingWith:40 -Generating unique operation named: deleteUsingDELETE_3
2020-03-10 15:20:23.945 INFO [restartedMain]s.d.s.w.readers.operation.CachingOperationNameGenerator.startingWith:40 -Generating unique operation named: updateUsingPUT_3
2020-03-10 15:20:23.951 INFO [restartedMain]s.d.s.w.readers.operation.CachingOperationNameGenerator.startingWith:40 -Generating unique operation named: addUsingPOST_4
2020-03-10 15:20:23.953 INFO [restartedMain]s.d.s.w.readers.operation.CachingOperationNameGenerator.startingWith:40 -Generating unique operation named: deleteUsingDELETE_4
2020-03-10 15:20:23.954 INFO [restartedMain]s.d.s.w.readers.operation.CachingOperationNameGenerator.startingWith:40 -Generating unique operation named: findAllUsingGET_1
2020-03-10 15:20:23.961 INFO [restartedMain]s.d.s.w.readers.operation.CachingOperationNameGenerator.startingWith:40 -Generating unique operation named: findAllUsingGET_2
2020-03-10 15:20:23.968 INFO [restartedMain]s.d.s.w.readers.operation.CachingOperationNameGenerator.startingWith:40 -Generating unique operation named: updateUsingPUT_4
2020-03-10 15:20:23.971 INFO [restartedMain]s.d.s.w.readers.operation.CachingOperationNameGenerator.startingWith:40 -Generating unique operation named: addUsingPOST_5
2020-03-10 15:20:23.976 INFO [restartedMain]s.d.s.w.readers.operation.CachingOperationNameGenerator.startingWith:40 -Generating unique operation named: deleteUsingDELETE_5
2020-03-10 15:20:23.979 INFO [restartedMain]s.d.s.w.readers.operation.CachingOperationNameGenerator.startingWith:40 -Generating unique operation named: findAllUsingGET_3
2020-03-10 15:20:23.983 INFO [restartedMain]s.d.s.w.readers.operation.CachingOperationNameGenerator.startingWith:40 -Generating unique operation named: findByIdUsingGET_1
2020-03-10 15:20:23.991 INFO [restartedMain]s.d.s.w.readers.operation.CachingOperationNameGenerator.startingWith:40 -Generating unique operation named: addUsingPOST_6
2020-03-10 15:20:23.994 INFO [restartedMain]s.d.s.w.readers.operation.CachingOperationNameGenerator.startingWith:40 -Generating unique operation named: deleteUsingDELETE_6
2020-03-10 15:20:23.996 INFO [restartedMain]s.d.s.w.readers.operation.CachingOperationNameGenerator.startingWith:40 -Generating unique operation named: findAllUsingGET_4
2020-03-10 15:20:23.998 INFO [restartedMain]s.d.s.w.readers.operation.CachingOperationNameGenerator.startingWith:40 -Generating unique operation named: updateUsingPUT_5
2020-03-10 15:20:24.006 INFO [restartedMain]s.d.s.w.readers.operation.CachingOperationNameGenerator.startingWith:40 -Generating unique operation named: deleteUsingDELETE_7
2020-03-10 15:20:24.029 INFO [restartedMain]org.apache.coyote.http11.Http11NioProtocol.log:173 -Starting ProtocolHandler ["http-nio-8089"]
2020-03-10 15:20:24.057 INFO [restartedMain]o.s.boot.web.embedded.tomcat.TomcatWebServer.start:202 -Tomcat started on port(s): 8089 (http) with context path ''
2020-03-10 15:20:24.060 INFO [restartedMain]com.radebit.smartpi.SmartPiApplication.logStarted:59 -Started SmartPiApplication in 4.248 seconds (JVM running for 4.91)
2020-03-10 15:20:59.422 INFO [http-nio-8089-exec-1]o.a.catalina.core.ContainerBase.[Tomcat].[localhost].[/].log:173 -Initializing Spring DispatcherServlet 'dispatcherServlet'
2020-03-10 15:20:59.423 INFO [http-nio-8089-exec-1]org.springframework.web.servlet.DispatcherServlet.initServletBean:524 -Initializing Servlet 'dispatcherServlet'
2020-03-10 15:20:59.432 INFO [http-nio-8089-exec-1]org.springframework.web.servlet.DispatcherServlet.initServletBean:546 -Completed initialization in 8 ms
2020-03-10 15:20:59.517 INFO [http-nio-8089-exec-1]com.alibaba.druid.pool.DruidDataSource.init:1003 -{dataSource-1} inited
2020-03-10 15:23:08.233 INFO [Thread-17]o.s.scheduling.concurrent.ThreadPoolTaskExecutor.shutdown:208 -Shutting down ExecutorService 'applicationTaskExecutor'
2020-03-10 15:23:08.258 INFO [Thread-17]com.alibaba.druid.pool.DruidDataSource.close:1965 -{dataSource-1} closing ...
2020-03-10 15:23:08.265 INFO [Thread-17]com.alibaba.druid.pool.DruidDataSource.close:2037 -{dataSource-1} closed
2020-03-10 15:23:12.566 INFO [restartedMain]com.radebit.smartpi.SmartPiApplication.logStarting:50 -Starting SmartPiApplication on RadedeMacBook-Pro.local with PID 4271 (/Users/rade/Documents/Java/SmartPi/target/classes started by rade in /Users/rade/Documents/Java/SmartPi)
2020-03-10 15:23:12.570 INFO [restartedMain]com.radebit.smartpi.SmartPiApplication.logStartupProfileInfo:648 -No active profile set, falling back to default profiles: default
2020-03-10 15:23:12.662 INFO [restartedMain]o.s.b.devtools.env.DevToolsPropertyDefaultsPostProcessor.logTo:225 -Devtools property defaults active! Set 'spring.devtools.add-properties' to 'false' to disable
2020-03-10 15:23:12.663 INFO [restartedMain]o.s.b.devtools.env.DevToolsPropertyDefaultsPostProcessor.logTo:225 -For additional web related logging consider setting the 'logging.level.web' property to 'DEBUG'
2020-03-10 15:23:13.572 INFO [restartedMain]o.s.d.repository.config.RepositoryConfigurationDelegate.multipleStoresDetected:244 -Multiple Spring Data modules found, entering strict repository configuration mode!
2020-03-10 15:23:13.574 INFO [restartedMain]o.s.d.repository.config.RepositoryConfigurationDelegate.registerRepositoriesIn:126 -Bootstrapping Spring Data repositories in DEFAULT mode.
2020-03-10 15:23:13.604 INFO [restartedMain]o.s.d.repository.config.RepositoryConfigurationDelegate.registerRepositoriesIn:182 -Finished Spring Data repository scanning in 19ms. Found 0 repository interfaces.
2020-03-10 15:23:13.889 INFO [restartedMain]o.s.c.s.PostProcessorRegistrationDelegate$BeanPostProcessorChecker.postProcessAfterInitialization:330 -Bean 'org.springframework.transaction.annotation.ProxyTransactionManagementConfiguration' of type [org.springframework.transaction.annotation.ProxyTransactionManagementConfiguration$$EnhancerBySpringCGLIB$$47142ec0] is not eligible for getting processed by all BeanPostProcessors (for example: not eligible for auto-proxying)
2020-03-10 15:23:14.156 INFO [restartedMain]o.s.boot.web.embedded.tomcat.TomcatWebServer.initialize:90 -Tomcat initialized with port(s): 8089 (http)
2020-03-10 15:23:14.168 INFO [restartedMain]org.apache.coyote.http11.Http11NioProtocol.log:173 -Initializing ProtocolHandler ["http-nio-8089"]
2020-03-10 15:23:14.176 INFO [restartedMain]org.apache.catalina.core.StandardService.log:173 -Starting service [Tomcat]
2020-03-10 15:23:14.176 INFO [restartedMain]org.apache.catalina.core.StandardEngine.log:173 -Starting Servlet engine: [Apache Tomcat/9.0.24]
2020-03-10 15:23:14.250 INFO [restartedMain]o.a.catalina.core.ContainerBase.[Tomcat].[localhost].[/].log:173 -Initializing Spring embedded WebApplicationContext
2020-03-10 15:23:14.250 INFO [restartedMain]org.springframework.web.context.ContextLoader.prepareWebApplicationContext:284 -Root WebApplicationContext: initialization completed in 1587 ms
2020-03-10 15:23:15.139 INFO [restartedMain]s.d.s.web.PropertySourcedRequestMappingHandlerMapping.initHandlerMethods:69 -Mapped URL path [/v2/api-docs] onto method [public org.springframework.http.ResponseEntity<springfox.documentation.spring.web.json.Json> springfox.documentation.swagger2.web.Swagger2Controller.getDocumentation(java.lang.String,javax.servlet.http.HttpServletRequest)]
2020-03-10 15:23:15.246 INFO [restartedMain]o.s.scheduling.concurrent.ThreadPoolTaskExecutor.initialize:171 -Initializing ExecutorService 'applicationTaskExecutor'
2020-03-10 15:23:15.281 INFO [restartedMain]o.s.boot.devtools.autoconfigure.OptionalLiveReloadServer.startServer:57 -LiveReload server is running on port 35729
2020-03-10 15:23:15.543 INFO [restartedMain]s.d.spring.web.plugins.DocumentationPluginsBootstrapper.start:160 -Context refreshed
2020-03-10 15:23:15.557 INFO [restartedMain]s.d.spring.web.plugins.DocumentationPluginsBootstrapper.start:163 -Found 1 custom documentation plugin(s)
2020-03-10 15:23:15.590 INFO [restartedMain]s.d.spring.web.scanners.ApiListingReferenceScanner.scan:41 -Scanning for api listing references
2020-03-10 15:23:15.701 INFO [restartedMain]s.d.s.w.readers.operation.CachingOperationNameGenerator.startingWith:40 -Generating unique operation named: addUsingPOST_1
2020-03-10 15:23:15.703 INFO [restartedMain]s.d.s.w.readers.operation.CachingOperationNameGenerator.startingWith:40 -Generating unique operation named: deleteUsingDELETE_1
2020-03-10 15:23:15.708 INFO [restartedMain]s.d.s.w.readers.operation.CachingOperationNameGenerator.startingWith:40 -Generating unique operation named: updateUsingPUT_1
2020-03-10 15:23:15.716 INFO [restartedMain]s.d.s.w.readers.operation.CachingOperationNameGenerator.startingWith:40 -Generating unique operation named: addUsingPOST_2
2020-03-10 15:23:15.718 INFO [restartedMain]s.d.s.w.readers.operation.CachingOperationNameGenerator.startingWith:40 -Generating unique operation named: deleteUsingDELETE_2
2020-03-10 15:23:15.722 INFO [restartedMain]s.d.s.w.readers.operation.CachingOperationNameGenerator.startingWith:40 -Generating unique operation named: listUsingGET_1
2020-03-10 15:23:15.724 INFO [restartedMain]s.d.s.w.readers.operation.CachingOperationNameGenerator.startingWith:40 -Generating unique operation named: updateUsingPUT_2
2020-03-10 15:23:15.728 INFO [restartedMain]s.d.s.w.readers.operation.CachingOperationNameGenerator.startingWith:40 -Generating unique operation named: addUsingPOST_3
2020-03-10 15:23:15.730 INFO [restartedMain]s.d.s.w.readers.operation.CachingOperationNameGenerator.startingWith:40 -Generating unique operation named: deleteUsingDELETE_3
2020-03-10 15:23:15.742 INFO [restartedMain]s.d.s.w.readers.operation.CachingOperationNameGenerator.startingWith:40 -Generating unique operation named: updateUsingPUT_3
2020-03-10 15:23:15.747 INFO [restartedMain]s.d.s.w.readers.operation.CachingOperationNameGenerator.startingWith:40 -Generating unique operation named: addUsingPOST_4
2020-03-10 15:23:15.749 INFO [restartedMain]s.d.s.w.readers.operation.CachingOperationNameGenerator.startingWith:40 -Generating unique operation named: deleteUsingDELETE_4
2020-03-10 15:23:15.751 INFO [restartedMain]s.d.s.w.readers.operation.CachingOperationNameGenerator.startingWith:40 -Generating unique operation named: findAllUsingGET_1
2020-03-10 15:23:15.757 INFO [restartedMain]s.d.s.w.readers.operation.CachingOperationNameGenerator.startingWith:40 -Generating unique operation named: findAllUsingGET_2
2020-03-10 15:23:15.763 INFO [restartedMain]s.d.s.w.readers.operation.CachingOperationNameGenerator.startingWith:40 -Generating unique operation named: updateUsingPUT_4
2020-03-10 15:23:15.766 INFO [restartedMain]s.d.s.w.readers.operation.CachingOperationNameGenerator.startingWith:40 -Generating unique operation named: addUsingPOST_5
2020-03-10 15:23:15.768 INFO [restartedMain]s.d.s.w.readers.operation.CachingOperationNameGenerator.startingWith:40 -Generating unique operation named: deleteUsingDELETE_5
2020-03-10 15:23:15.770 INFO [restartedMain]s.d.s.w.readers.operation.CachingOperationNameGenerator.startingWith:40 -Generating unique operation named: findAllUsingGET_3
2020-03-10 15:23:15.772 INFO [restartedMain]s.d.s.w.readers.operation.CachingOperationNameGenerator.startingWith:40 -Generating unique operation named: findByIdUsingGET_1
2020-03-10 15:23:15.777 INFO [restartedMain]s.d.s.w.readers.operation.CachingOperationNameGenerator.startingWith:40 -Generating unique operation named: addUsingPOST_6
2020-03-10 15:23:15.778 INFO [restartedMain]s.d.s.w.readers.operation.CachingOperationNameGenerator.startingWith:40 -Generating unique operation named: deleteUsingDELETE_6
2020-03-10 15:23:15.780 INFO [restartedMain]s.d.s.w.readers.operation.CachingOperationNameGenerator.startingWith:40 -Generating unique operation named: findAllUsingGET_4
2020-03-10 15:23:15.782 INFO [restartedMain]s.d.s.w.readers.operation.CachingOperationNameGenerator.startingWith:40 -Generating unique operation named: updateUsingPUT_5
2020-03-10 15:23:15.786 INFO [restartedMain]s.d.s.w.readers.operation.CachingOperationNameGenerator.startingWith:40 -Generating unique operation named: deleteUsingDELETE_7
2020-03-10 15:23:15.805 INFO [restartedMain]org.apache.coyote.http11.Http11NioProtocol.log:173 -Starting ProtocolHandler ["http-nio-8089"]
2020-03-10 15:23:15.834 INFO [restartedMain]o.s.boot.web.embedded.tomcat.TomcatWebServer.start:202 -Tomcat started on port(s): 8089 (http) with context path ''
2020-03-10 15:23:15.837 INFO [restartedMain]com.radebit.smartpi.SmartPiApplication.logStarted:59 -Started SmartPiApplication in 3.787 seconds (JVM running for 4.481)
2020-03-10 15:24:29.328 INFO [http-nio-8089-exec-1]o.a.catalina.core.ContainerBase.[Tomcat].[localhost].[/].log:173 -Initializing Spring DispatcherServlet 'dispatcherServlet'
2020-03-10 15:24:29.329 INFO [http-nio-8089-exec-1]org.springframework.web.servlet.DispatcherServlet.initServletBean:524 -Initializing Servlet 'dispatcherServlet'
2020-03-10 15:24:29.337 INFO [http-nio-8089-exec-1]org.springframework.web.servlet.DispatcherServlet.initServletBean:546 -Completed initialization in 8 ms
2020-03-10 15:24:29.347 INFO [http-nio-8089-exec-1]com.radebit.smartpi.intercepter.AuthorizationInterceptor.preHandle:54 -请求体中携带的token -  
2020-03-10 15:24:40.591 INFO [http-nio-8089-exec-3]com.alibaba.druid.pool.DruidDataSource.init:1003 -{dataSource-1} inited
2020-03-10 15:24:47.231 INFO [http-nio-8089-exec-4]com.radebit.smartpi.intercepter.AuthorizationInterceptor.preHandle:54 -请求体中携带的token -  
2020-03-10 15:24:50.848 INFO [http-nio-8089-exec-5]com.radebit.smartpi.intercepter.AuthorizationInterceptor.preHandle:54 -请求体中携带的token - e1300d2b97909086240bf106248eb8d1 
2020-03-10 15:24:50.860 INFO [http-nio-8089-exec-5]com.radebit.smartpi.intercepter.AuthorizationInterceptor.preHandle:60 -用户登录 - rade
2020-03-10 15:24:50.862 INFO [http-nio-8089-exec-5]com.radebit.smartpi.intercepter.AuthorizationInterceptor.preHandle:65 -token创建时间 - 1583825080784
2020-03-10 15:24:50.863 INFO [http-nio-8089-exec-5]com.radebit.smartpi.intercepter.AuthorizationInterceptor.preHandle:67 -token存在 - 10079 ms
2020-03-10 15:25:31.001 INFO [http-nio-8089-exec-6]com.radebit.smartpi.intercepter.AuthorizationInterceptor.preHandle:54 -请求体中携带的token -  
2020-03-10 15:25:33.341 INFO [http-nio-8089-exec-7]com.radebit.smartpi.intercepter.AuthorizationInterceptor.preHandle:54 -请求体中携带的token - e1300d2b97909086240bf106248eb8d1 
2020-03-10 15:25:33.348 INFO [http-nio-8089-exec-7]com.radebit.smartpi.intercepter.AuthorizationInterceptor.preHandle:60 -用户登录 - rade
2020-03-10 15:25:33.350 INFO [http-nio-8089-exec-7]com.radebit.smartpi.intercepter.AuthorizationInterceptor.preHandle:65 -token创建时间 - 1583825080784
2020-03-10 15:25:33.350 INFO [http-nio-8089-exec-7]com.radebit.smartpi.intercepter.AuthorizationInterceptor.preHandle:67 -token存在 - 52566 ms
2020-03-10 15:25:42.294 INFO [http-nio-8089-exec-8]com.radebit.smartpi.intercepter.AuthorizationInterceptor.preHandle:54 -请求体中携带的token - e1300d2b97909086240bf106248eb8d1 
2020-03-10 15:25:42.299 INFO [http-nio-8089-exec-8]com.radebit.smartpi.intercepter.AuthorizationInterceptor.preHandle:60 -用户登录 - rade
2020-03-10 15:25:42.302 INFO [http-nio-8089-exec-8]com.radebit.smartpi.intercepter.AuthorizationInterceptor.preHandle:65 -token创建时间 - 1583825080784
2020-03-10 15:25:42.302 INFO [http-nio-8089-exec-8]com.radebit.smartpi.intercepter.AuthorizationInterceptor.preHandle:67 -token存在 - 61518 ms
